This is pdfTeX, Version 3.141592653-2.6-1.40.29 (TeX Live 2026/Arch Linux) (preloaded format=pdflatex 2026.3.6)  21 APR 2026 09:58
entering extended mode
 restricted \write18 enabled.
 file:line:error style messages enabled.
 %&-line parsing enabled.
**/home/jonas/Bureau/Crypto/SPRUCE/docs/ARC_Spruce/main.tex
(/home/jonas/Bureau/Crypto/SPRUCE/docs/ARC_Spruce/main.tex
LaTeX2e <2025-11-01>
L3 programming layer <2026-01-19>
(./acmart.cls
Document Class: acmart 2023/03/30 v1.90 Typesetting articles for the Association for Computing Machinery
(/usr/share/texmf-dist/tex/latex/xkeyval/xkeyval.sty
Package: xkeyval 2025/11/04 v2.10 package option processing (HA)
 (/usr/share/texmf-dist/tex/generic/xkeyval/xkeyval.tex (/usr/share/texmf-dist/tex/generic/xkeyval/xkvutils.tex
\XKV@toks=\toks17
\XKV@tempa@toks=\toks18
\XKV@tempb@toks=\toks19
 (/usr/share/texmf-dist/tex/generic/xkeyval/keyval.tex))
\XKV@depth=\count275
File: xkeyval.tex 2014/12/03 v2.7a key=value parser (HA)
)) (/usr/share/texmf-dist/tex/generic/xstring/xstring.sty (/usr/share/texmf-dist/tex/generic/xstring/xstring.tex
\xs_counta=\count276
\xs_countb=\count277
)
Package: xstring 2023/08/22 v1.86 String manipulations (CT)
) (/usr/share/texmf-dist/tex/generic/iftex/iftex.sty
Package: iftex 2024/12/12 v1.0g TeX engine tests
)
Package acmart Info: Not using screen mode on input line 76.
Package acmart Info: Using breaking urls on hyphens on input line 84.
Package acmart Info: Requiring acmthm on input line 92.
Package acmart Info: Not using review mode on input line 101.
Package acmart Info: Not using authorversion mode on input line 109.
Package acmart Info: Not using nonacm mode on input line 121.
Package acmart Info: Explicitly selecting natbib mode on input line 137.
Package acmart Info: Not using anonymous mode on input line 145.
Package acmart Info: Not using timestamp mode on input line 153.
Package acmart Info: Not using authordraft mode on input line 163.
Class acmart Info: Using format sigconf, number 4 on input line 178.
Class acmart Info: Using fontsize 9pt on input line 277.
 (/usr/share/texmf-dist/tex/latex/amscls/amsart.cls
Document Class: amsart 2020/05/29 v2.20.6
\linespacing=\dimen148
\normalparindent=\dimen149
\normaltopskip=\skip49
(/usr/share/texmf-dist/tex/latex/amsmath/amsmath.sty
Package: amsmath 2025/07/09 v2.17z AMS math features
\@mathmargin=\skip50

For additional information on amsmath, use the `?' option.
(/usr/share/texmf-dist/tex/latex/amsmath/amstext.sty
Package: amstext 2024/11/17 v2.01 AMS text
 (/usr/share/texmf-dist/tex/latex/amsmath/amsgen.sty
File: amsgen.sty 1999/11/30 v2.0 generic functions
\@emptytoks=\toks20
\ex@=\dimen150
)) (/usr/share/texmf-dist/tex/latex/amsmath/amsbsy.sty
Package: amsbsy 1999/11/29 v1.2d Bold Symbols
\pmbraise@=\dimen151
) (/usr/share/texmf-dist/tex/latex/amsmath/amsopn.sty
Package: amsopn 2022/04/08 v2.04 operator names
)
\inf@bad=\count278
LaTeX Info: Redefining \frac on input line 233.
\uproot@=\count279
\leftroot@=\count280
LaTeX Info: Redefining \overline on input line 398.
LaTeX Info: Redefining \colon on input line 409.
\classnum@=\count281
\DOTSCASE@=\count282
LaTeX Info: Redefining \ldots on input line 495.
LaTeX Info: Redefining \dots on input line 498.
LaTeX Info: Redefining \cdots on input line 619.
\Mathstrutbox@=\box53
\strutbox@=\box54
LaTeX Info: Redefining \big on input line 721.
LaTeX Info: Redefining \Big on input line 722.
LaTeX Info: Redefining \bigg on input line 723.
LaTeX Info: Redefining \Bigg on input line 724.
\big@size=\dimen152
LaTeX Font Info:    Redeclaring font encoding OML on input line 742.
LaTeX Font Info:    Redeclaring font encoding OMS on input line 743.
\macc@depth=\count283
LaTeX Info: Redefining \bmod on input line 904.
LaTeX Info: Redefining \pmod on input line 909.
LaTeX Info: Redefining \smash on input line 939.
LaTeX Info: Redefining \relbar on input line 969.
LaTeX Info: Redefining \Relbar on input line 970.
\c@MaxMatrixCols=\count284
\dotsspace@=\muskip17
\c@parentequation=\count285
\dspbrk@lvl=\count286
\tag@help=\toks21
\row@=\count287
\column@=\count288
\maxfields@=\count289
\andhelp@=\toks22
\eqnshift@=\dimen153
\alignsep@=\dimen154
\tagshift@=\dimen155
\tagwidth@=\dimen156
\totwidth@=\dimen157
\lineht@=\dimen158
\@envbody=\toks23
\multlinegap=\skip51
\multlinetaggap=\skip52
\mathdisplay@stack=\toks24
LaTeX Info: Redefining \[ on input line 2950.
LaTeX Info: Redefining \] on input line 2951.
)
LaTeX Font Info:    Trying to load font information for U+msa on input line 397.
 (/usr/share/texmf-dist/tex/latex/amsfonts/umsa.fd
File: umsa.fd 2013/01/14 v3.01 AMS symbols A
) (/usr/share/texmf-dist/tex/latex/amsfonts/amsfonts.sty
Package: amsfonts 2013/01/14 v3.01 Basic AMSFonts support
\symAMSa=\mathgroup4
\symAMSb=\mathgroup5
LaTeX Font Info:    Redeclaring math symbol \hbar on input line 98.
LaTeX Font Info:    Overwriting math alphabet `\mathfrak' in version `bold'
(Font)                  U/euf/m/n --> U/euf/b/n on input line 106.
)
\copyins=\insert252
\abstractbox=\box55
\listisep=\skip53
\c@part=\count290
\c@section=\count291
\c@subsection=\count292
\c@subsubsection=\count293
\c@paragraph=\count294
\c@subparagraph=\count295
\c@figure=\count296
\c@table=\count297
\abovecaptionskip=\skip54
\belowcaptionskip=\skip55
\captionindent=\dimen159
\thm@style=\toks25
\thm@bodyfont=\toks26
\thm@headfont=\toks27
\thm@notefont=\toks28
\thm@headpunct=\toks29
\thm@preskip=\skip56
\thm@postskip=\skip57
\thm@headsep=\skip58
\dth@everypar=\toks30
)
LaTeX Info: Redefining \markboth on input line 279.
 (/usr/share/texmf-dist/tex/latex/microtype/microtype.sty
Package: microtype 2026/03/01 v3.2d Micro-typographical refinements (RS)
 (/usr/share/texmf-dist/tex/latex/etoolbox/etoolbox.sty
Package: etoolbox 2025/10/02 v2.5m e-TeX tools for LaTeX (JAW)
\etb@tempcnta=\count298
)
\MT@toks=\toks31
\MT@tempbox=\box56
\MT@count=\count299
LaTeX Info: Redefining \noprotrusionifhmode on input line 1084.
LaTeX Info: Redefining \leftprotrusion on input line 1085.
\MT@prot@toks=\toks32
LaTeX Info: Redefining \rightprotrusion on input line 1104.
LaTeX Info: Redefining \textls on input line 1449.
\MT@outer@kern=\dimen160
LaTeX Info: Redefining \microtypecontext on input line 2053.
LaTeX Info: Redefining \textmicrotypecontext on input line 2070.
\MT@listname@count=\count300
 (/usr/share/texmf-dist/tex/latex/microtype/microtype-pdftex.def
File: microtype-pdftex.def 2026/03/01 v3.2d Definitions specific to pdftex (RS)
LaTeX Info: Redefining \lsstyle on input line 944.
LaTeX Info: Redefining \lslig on input line 944.
\MT@outer@space=\skip59
)
Package microtype Info: Loading configuration file microtype.cfg.
 (/usr/share/texmf-dist/tex/latex/microtype/microtype.cfg
File: microtype.cfg 2026/03/01 v3.2d microtype main configuration file (RS)
)
LaTeX Info: Redefining \microtypesetup on input line 3065.
) (/usr/share/texmf-dist/tex/latex/booktabs/booktabs.sty
Package: booktabs 2020/01/12 v1.61803398 Publication quality tables
\heavyrulewidth=\dimen161
\lightrulewidth=\dimen162
\cmidrulewidth=\dimen163
\belowrulesep=\dimen164
\belowbottomsep=\dimen165
\aboverulesep=\dimen166
\abovetopsep=\dimen167
\cmidrulesep=\dimen168
\cmidrulekern=\dimen169
\defaultaddspace=\dimen170
\@cmidla=\count301
\@cmidlb=\count302
\@aboverulesep=\dimen171
\@belowrulesep=\dimen172
\@thisruleclass=\count303
\@lastruleclass=\count304
\@thisrulewidth=\dimen173
) (/usr/share/texmf-dist/tex/latex/refcount/refcount.sty
Package: refcount 2019/12/15 v3.6 Data extraction from label references (HO)
 (/usr/share/texmf-dist/tex/generic/ltxcmds/ltxcmds.sty
Package: ltxcmds 2023-12-04 v1.26 LaTeX kernel commands for general use (HO)
) (/usr/share/texmf-dist/tex/generic/infwarerr/infwarerr.sty
Package: infwarerr 2019/12/03 v1.5 Providing info/warning/error messages (HO)
)) (/usr/share/texmf-dist/tex/latex/totpages/totpages.sty
Package: totpages 2005/09/19 v2.00 Totpages Package (muewi)
 (/usr/share/texmf-dist/tex/latex/everyshi/everyshi.sty
Package: everyshi 2020/11/18 v4.00 EveryShipout Package
)) (/usr/share/texmf-dist/tex/latex/environ/environ.sty
Package: environ 2014/05/04 v0.3 A new way to define environments
 (/usr/share/texmf-dist/tex/latex/trimspaces/trimspaces.sty
Package: trimspaces 2009/09/17 v1.1 Trim spaces around a token list
)) (/usr/share/texmf-dist/tex/latex/textcase/textcase.sty
Package: textcase 2025/02/16 v1.05 Text only upper/lower case changing (DPC)
Package textcase Info: Defining Legacy names on input line 20.
)
\@ACM@acmcp@delta=\dimen174
 (/usr/share/texmf-dist/tex/latex/natbib/natbib.sty
Package: natbib 2010/09/13 8.31b (PWD, AO)
\bibhang=\skip60
\bibsep=\skip61
LaTeX Info: Redefining \cite on input line 694.
\c@NAT@ctr=\count305
) (/usr/share/texmf-dist/tex/latex/hyperref/hyperref.sty
Package: hyperref 2026-01-29 v7.01p Hypertext links for LaTeX
 (/usr/share/texmf-dist/tex/latex/kvsetkeys/kvsetkeys.sty
Package: kvsetkeys 2022-10-05 v1.19 Key value parser (HO)
) (/usr/share/texmf-dist/tex/generic/kvdefinekeys/kvdefinekeys.sty
Package: kvdefinekeys 2019-12-19 v1.6 Define keys (HO)
) (/usr/share/texmf-dist/tex/generic/pdfescape/pdfescape.sty
Package: pdfescape 2019/12/09 v1.15 Implements pdfTeX's escape features (HO)
 (/usr/share/texmf-dist/tex/generic/pdftexcmds/pdftexcmds.sty
Package: pdftexcmds 2020-06-27 v0.33 Utility functions of pdfTeX for LuaTeX (HO)
Package pdftexcmds Info: \pdf@primitive is available.
Package pdftexcmds Info: \pdf@ifprimitive is available.
Package pdftexcmds Info: \pdfdraftmode found.
)) (/usr/share/texmf-dist/tex/latex/hycolor/hycolor.sty
Package: hycolor 2020-01-27 v1.10 Color options for hyperref/bookmark (HO)
) (/usr/share/texmf-dist/tex/latex/hyperref/nameref.sty
Package: nameref 2026-01-29 v2.58 Cross-referencing by name of section
 (/usr/share/texmf-dist/tex/generic/gettitlestring/gettitlestring.sty
Package: gettitlestring 2019/12/15 v1.6 Cleanup title references (HO)
 (/usr/share/texmf-dist/tex/latex/kvoptions/kvoptions.sty
Package: kvoptions 2022-06-15 v3.15 Key value format for package options (HO)
))
\c@section@level=\count306
) (/usr/share/texmf-dist/tex/generic/stringenc/stringenc.sty
Package: stringenc 2019/11/29 v1.12 Convert strings between diff. encodings (HO)
)
\@linkdim=\dimen175
\Hy@linkcounter=\count307
\Hy@pagecounter=\count308
 (/usr/share/texmf-dist/tex/latex/hyperref/pd1enc.def
File: pd1enc.def 2026-01-29 v7.01p Hyperref: PDFDocEncoding definition (HO)
Now handling font encoding PD1 ...
... no UTF-8 mapping file for font encoding PD1
) (/usr/share/texmf-dist/tex/generic/intcalc/intcalc.sty
Package: intcalc 2019/12/15 v1.3 Expandable calculations with integers (HO)
)
\Hy@SavedSpaceFactor=\count309
 (/usr/share/texmf-dist/tex/latex/hyperref/puenc.def
File: puenc.def 2026-01-29 v7.01p Hyperref: PDF Unicode definition (HO)
Now handling font encoding PU ...
... no UTF-8 mapping file for font encoding PU
)
Package hyperref Info: Option `bookmarksnumbered' set `true' on input line 4072.
Package hyperref Info: Option `unicode' set `true' on input line 4072.
Package hyperref Info: Hyper figures OFF on input line 4201.
Package hyperref Info: Link nesting OFF on input line 4206.
Package hyperref Info: Hyper index ON on input line 4209.
Package hyperref Info: Plain pages OFF on input line 4216.
Package hyperref Info: Backreferencing OFF on input line 4221.
Package hyperref Info: Implicit mode ON; LaTeX internals redefined.
Package hyperref Info: Bookmarks ON on input line 4468.
\c@Hy@tempcnt=\count310
 (/usr/share/texmf-dist/tex/latex/url/url.sty
\Urlmuskip=\muskip18
Package: url 2013/09/16  ver 3.4  Verb mode for urls, etc.
)
LaTeX Info: Redefining \url on input line 4807.
\XeTeXLinkMargin=\dimen176
 (/usr/share/texmf-dist/tex/generic/bitset/bitset.sty
Package: bitset 2019/12/09 v1.3 Handle bit-vector datatype (HO)
 (/usr/share/texmf-dist/tex/generic/bigintcalc/bigintcalc.sty
Package: bigintcalc 2019/12/15 v1.5 Expandable calculations on big integers (HO)
))
\Fld@menulength=\count311
\Field@Width=\dimen177
\Fld@charsize=\dimen178
Package hyperref Info: Hyper figures OFF on input line 6084.
Package hyperref Info: Link nesting OFF on input line 6089.
Package hyperref Info: Hyper index ON on input line 6092.
Package hyperref Info: backreferencing OFF on input line 6099.
Package hyperref Info: Link coloring OFF on input line 6104.
Package hyperref Info: Link coloring with OCG OFF on input line 6109.
Package hyperref Info: PDF/A mode OFF on input line 6114.
\Hy@abspage=\count312
\c@Item=\count313
\c@Hfootnote=\count314
)
Package hyperref Info: Driver (autodetected): hpdftex.
 (/usr/share/texmf-dist/tex/latex/hyperref/hpdftex.def
File: hpdftex.def 2026-01-29 v7.01p Hyperref driver for pdfTeX
\Fld@listcount=\count315
\c@bookmark@seq@number=\count316
 (/usr/share/texmf-dist/tex/latex/rerunfilecheck/rerunfilecheck.sty
Package: rerunfilecheck 2025-06-21 v1.11 Rerun checks for auxiliary files (HO)
 (/usr/share/texmf-dist/tex/generic/uniquecounter/uniquecounter.sty
Package: uniquecounter 2019/12/15 v1.4 Provide unlimited unique counter (HO)
)
Package uniquecounter Info: New unique counter `rerunfilecheck' on input line 284.
)
\Hy@SectionHShift=\skip62
) (/usr/share/texmf-dist/tex/latex/hyperxmp/hyperxmp.sty
Package: hyperxmp 2024/03/17 v5.13 Store hyperref metadata in XMP format
\hyxmp@aep@toks=\toks33
 (/usr/share/texmf-dist/tex/latex/ifmtarg/ifmtarg.sty
Package: ifmtarg 2018/04/16 v1.2b check for an empty argument
) (/usr/share/texmf-dist/tex/latex/base/ifthen.sty
Package: ifthen 2024/03/16 v1.1e Standard LaTeX ifthen package (DPC)
)
\@hyxmp@count=\count317
 (/usr/share/texmf-dist/tex/latex/oberdiek/ifdraft.sty
Package: ifdraft 2016/05/16 v1.4 Detect class options draft and final (HO)
) (/usr/share/texmf-dist/tex/generic/iftex/ifluatex.sty
Package: ifluatex 2019/10/25 v1.5 ifluatex legacy package. Use iftex instead.
)) (/usr/share/texmf-dist/tex/latex/graphics/graphicx.sty
Package: graphicx 2024/12/31 v1.2e Enhanced LaTeX Graphics (DPC,SPQR)
 (/usr/share/texmf-dist/tex/latex/graphics/graphics.sty
Package: graphics 2024/08/06 v1.4g Standard LaTeX Graphics (DPC,SPQR)
 (/usr/share/texmf-dist/tex/latex/graphics/trig.sty
Package: trig 2023/12/02 v1.11 sin cos tan (DPC)
) (/usr/share/texmf-dist/tex/latex/graphics-cfg/graphics.cfg
File: graphics.cfg 2016/06/04 v1.11 sample graphics configuration
)
Package graphics Info: Driver file: pdftex.def on input line 106.
 (/usr/share/texmf-dist/tex/latex/graphics-def/pdftex.def
File: pdftex.def 2025/09/29 v1.2d Graphics/color driver for pdftex
))
\Gin@req@height=\dimen179
\Gin@req@width=\dimen180
) (/usr/share/texmf-dist/tex/latex/xcolor/xcolor.sty
Package: xcolor 2024/09/29 v3.02 LaTeX color extensions (UK)
 (/usr/share/texmf-dist/tex/latex/graphics-cfg/color.cfg
File: color.cfg 2016/01/02 v1.6 sample color configuration
)
Package xcolor Info: Driver file: pdftex.def on input line 274.
 (/usr/share/texmf-dist/tex/latex/graphics/mathcolor.ltx)
Package xcolor Info: Model `cmy' substituted by `cmy0' on input line 1349.
Package xcolor Info: Model `hsb' substituted by `rgb' on input line 1353.
Package xcolor Info: Model `RGB' extended on input line 1365.
Package xcolor Info: Model `HTML' substituted by `rgb' on input line 1367.
Package xcolor Info: Model `Hsb' substituted by `hsb' on input line 1368.
Package xcolor Info: Model `tHsb' substituted by `hsb' on input line 1369.
Package xcolor Info: Model `HSB' substituted by `hsb' on input line 1370.
Package xcolor Info: Model `Gray' substituted by `gray' on input line 1371.
Package xcolor Info: Model `wave' substituted by `hsb' on input line 1372.
) (/usr/share/texmf-dist/tex/latex/geometry/geometry.sty
Package: geometry 2020/01/02 v5.9 Page Geometry
 (/usr/share/texmf-dist/tex/generic/iftex/ifvtex.sty
Package: ifvtex 2019/10/25 v1.7 ifvtex legacy package. Use iftex instead.
)
\Gm@cnth=\count318
\Gm@cntv=\count319
\c@Gm@tempcnt=\count320
\Gm@bindingoffset=\dimen181
\Gm@wd@mp=\dimen182
\Gm@odd@mp=\dimen183
\Gm@even@mp=\dimen184
\Gm@layoutwidth=\dimen185
\Gm@layoutheight=\dimen186
\Gm@layouthoffset=\dimen187
\Gm@layoutvoffset=\dimen188
\Gm@dimlist=\toks34
) (/usr/share/texmf-dist/tex/latex/ncctools/manyfoot.sty
Package: manyfoot 2019/08/03 v1.11 Many Footnote Levels Package (NCC)
 (/usr/share/texmf-dist/tex/latex/ncctools/nccfoots.sty
Package: nccfoots 2005/02/03 v1.2 NCC Footnotes Package (NCC)
)
\MFL@columnwidth=\dimen189
)
\footinsauthorsaddresses=\insert251
\c@footnoteauthorsaddresses=\count321
\footinscopyrightpermission=\insert250
\c@footnotecopyrightpermission=\count322
 (/usr/share/texmf-dist/tex/generic/pdftex/glyphtounicode.tex) (/usr/share/texmf-dist/tex/latex/cmap/cmap.sty
Package: cmap 2021/02/06 v1.0j CMap support: searchable PDF
)

Class acmart Warning: You do not have the libertine package installed. Please upgrade your TeX on input line 851.


Class acmart Warning: You do not have the inconsolata (zi4.sty) package installed. Please upgrade your TeX on input line 854.


Class acmart Warning: You do not have the newtxmath package installed. Please upgrade your TeX on input line 857.

(/usr/share/texmf-dist/tex/latex/caption/caption.sty
Package: caption 2023/08/05 v3.6o Customizing captions (AR)
 (/usr/share/texmf-dist/tex/latex/caption/caption3.sty
Package: caption3 2023/07/31 v2.4d caption3 kernel (AR)
\caption@tempdima=\dimen190
\captionmargin=\dimen191
\caption@leftmargin=\dimen192
\caption@rightmargin=\dimen193
\caption@width=\dimen194
\caption@indent=\dimen195
\caption@parindent=\dimen196
\caption@hangindent=\dimen197
Package caption Info: AMS or SMF document class detected.
 (/usr/share/texmf-dist/tex/latex/caption/caption-ams-smf.sto
File: caption-ams-smf.sto 2020/08/22 v2.0 Adaption of the caption package to the AMS and SMF document classes (AR)
))
\c@caption@flags=\count323
\c@continuedfloat=\count324
Package caption Info: hyperref package is loaded.
) (/usr/share/texmf-dist/tex/latex/float/float.sty
Package: float 2001/11/08 v1.3d Float enhancements (AL)
\c@float@type=\count325
\float@exts=\toks35
\float@box=\box57
\@float@everytoks=\toks36
\@floatcapt=\box58
)
\@float@every@sidebar=\toks37
\c@sidebar=\count326
\fulltextwidth=\dimen198
\@ACM@labelwidth=\dimen199
\listisep=\skip63
\num@authorgroups=\count327
\num@authors=\count328
\@ACM@badge@width=\skip64
\@ACM@title@width=\skip65
\@ACM@badge@skip=\skip66
Class acmart Info: Printing CCS on input line 1729.
Class acmart Info: Printing bibformat on input line 1729.
Class acmart Info: Suppressing folios on input line 1736.
Class acmart Info: Setting authorsperrow to 0 on input line 1739.
 (/usr/share/texmf-dist/tex/latex/comment/comment.sty
\CommentStream=\write3
 Excluding comment 'comment') Excluding comment 'CCSXML'
\c@@concepts=\count329
\mktitle@bx=\box59
\@ACM@acmcpbox=\box60
\@ACM@commabox=\box61
\author@bx=\box62
\author@bx@wd=\dimen256
\author@bx@sep=\skip67
 (/usr/share/texmf-dist/tex/latex/fancyhdr/fancyhdr.sty
Package: fancyhdr 2025/02/07 v5.2 Extensive control of page headers and footers
\f@nch@headwidth=\skip68
\f@nch@offset@elh=\skip69
\f@nch@offset@erh=\skip70
\f@nch@offset@olh=\skip71
\f@nch@offset@orh=\skip72
\f@nch@offset@elf=\skip73
\f@nch@offset@erf=\skip74
\f@nch@offset@olf=\skip75
\f@nch@offset@orf=\skip76
\f@nch@height=\skip77
\f@nch@footalignment=\skip78
\f@nch@widthL=\skip79
\f@nch@widthC=\skip80
\f@nch@widthR=\skip81
\@temptokenb=\toks38
)
\@folio@wd=\dimen257
\@folio@ht=\dimen258
\@folio@voffset=\dimen259
 Special comment 'acks') (./imports.tex (/usr/share/texmf-dist/tex/latex/mathtools/mathtools.sty
Package: mathtools 2024/10/04 v1.31 mathematical typesetting tools
 (/usr/share/texmf-dist/tex/latex/tools/calc.sty
Package: calc 2025/03/01 v4.3b Infix arithmetic (KKT,FJ)
\calc@Acount=\count330
\calc@Bcount=\count331
\calc@Adimen=\dimen260
\calc@Bdimen=\dimen261
\calc@Askip=\skip82
\calc@Bskip=\skip83
LaTeX Info: Redefining \setlength on input line 86.
LaTeX Info: Redefining \addtolength on input line 87.
\calc@Ccount=\count332
\calc@Cskip=\skip84
) (/usr/share/texmf-dist/tex/latex/mathtools/mhsetup.sty
Package: mhsetup 2021/03/18 v1.4 programming setup (MH)
)
\g_MT_multlinerow_int=\count333
\l_MT_multwidth_dim=\dimen262
\origjot=\skip85
\l_MT_shortvdotswithinadjustabove_dim=\dimen263
\l_MT_shortvdotswithinadjustbelow_dim=\dimen264
\l_MT_above_intertext_sep=\dimen265
\l_MT_below_intertext_sep=\dimen266
\l_MT_above_shortintertext_sep=\dimen267
\l_MT_below_shortintertext_sep=\dimen268
\xmathstrut@box=\box63
\xmathstrut@dim=\dimen269
) (/usr/share/texmf-dist/tex/latex/amsfonts/amssymb.sty
Package: amssymb 2013/01/14 v3.01 AMS font symbols
) (/usr/share/texmf-dist/tex/latex/tools/xspace.sty
Package: xspace 2014/10/28 v1.13 Space after command names (DPC,MH)
) (/usr/share/texmf-dist/tex/latex/enumitem/enumitem.sty
Package: enumitem 2025/02/06 v3.11 Customized lists
\enitkv@toks@=\toks39
\labelindent=\skip86
\enit@outerparindent=\dimen270
\enit@toks=\toks40
\enit@inbox=\box64
\enit@count@id=\count334
\enitdp@description=\count335
) (/usr/share/texmf-dist/tex/latex/algorithms/algorithm.sty
Package: algorithm 2009/08/24 v0.1 Document Style `algorithm' - floating environment
\@float@every@algorithm=\toks41
\c@algorithm=\count336
) (/usr/share/texmf-dist/tex/latex/multirow/multirow.sty
Package: multirow 2024/11/12 v2.9 Span multiple rows of a table
\multirow@colwidth=\skip87
\multirow@cntb=\count337
\multirow@dima=\skip88
\bigstrutjot=\dimen271
) (/usr/share/texmf-dist/tex/latex/algorithmicx/algpseudocode.sty
Package: algpseudocode 
 (/usr/share/texmf-dist/tex/latex/algorithmicx/algorithmicx.sty
Package: algorithmicx 2005/04/27 v1.2 Algorithmicx

Document Style algorithmicx 1.2 - a greatly improved `algorithmic' style
\c@ALG@line=\count338
\c@ALG@rem=\count339
\c@ALG@nested=\count340
\ALG@tlm=\skip89
\ALG@thistlm=\skip90
\c@ALG@Lnr=\count341
\c@ALG@blocknr=\count342
\c@ALG@storecount=\count343
\c@ALG@tmpcounter=\count344
\ALG@tmplength=\skip91
)
Document Style - pseudocode environments for use with the `algorithmicx' style
) (/usr/share/texmf-dist/tex/latex/preprint/authblk.sty
Package: authblk 2001/02/27 1.3 (PWD)
\affilsep=\skip92
\@affilsep=\skip93
\c@Maxaffil=\count345
\c@authors=\count346
\c@affil=\count347
) (/usr/share/texmf-dist/tex/latex/cleveref/cleveref.sty
Package: cleveref 2018/03/27 v0.21.4 Intelligent cross-referencing
Package cleveref Info: `hyperref' support loaded on input line 2370.
LaTeX Info: Redefining \cref on input line 2370.
LaTeX Info: Redefining \Cref on input line 2370.
LaTeX Info: Redefining \crefrange on input line 2370.
LaTeX Info: Redefining \Crefrange on input line 2370.
LaTeX Info: Redefining \cpageref on input line 2370.
LaTeX Info: Redefining \Cpageref on input line 2370.
LaTeX Info: Redefining \cpagerefrange on input line 2370.
LaTeX Info: Redefining \Cpagerefrange on input line 2370.
LaTeX Info: Redefining \labelcref on input line 2370.
LaTeX Info: Redefining \labelcpageref on input line 2370.
Package cleveref Info: `amsthm' support loaded on input line 3026.
Package cleveref Info: `algorithmicx' support loaded on input line 3120.
Package cleveref Info: always capitalise cross-reference names on input line 7825.
Package cleveref Info: include cross-reference names in hyperlinks on input line 7836.
Package cleveref Info: always capitalise cross-reference names on input line 7852.
Package cleveref Info: include cross-reference names in hyperlinks on input line 7852.
)
==> First Aid for cleveref.sty applied!
(/usr/share/texmf-dist/tex/latex/pgf/frontendlayer/tikz.sty (/usr/share/texmf-dist/tex/latex/pgf/basiclayer/pgf.sty (/usr/share/texmf-dist/tex/latex/pgf/utilities/pgfrcs.sty (/usr/share/texmf-dist/tex/generic/pgf/utilities/pgfutil-common.tex
\pgfutil@everybye=\toks42
\pgfutil@tempdima=\dimen272
\pgfutil@tempdimb=\dimen273
) (/usr/share/texmf-dist/tex/generic/pgf/utilities/pgfutil-latex.def
\pgfutil@abb=\box65
) (/usr/share/texmf-dist/tex/generic/pgf/utilities/pgfrcs.code.tex (/usr/share/texmf-dist/tex/generic/pgf/pgf.revision.tex)
Package: pgfrcs 2025-08-29 v3.1.11a (3.1.11a)
))
Package: pgf 2025-08-29 v3.1.11a (3.1.11a)
 (/usr/share/texmf-dist/tex/latex/pgf/basiclayer/pgfcore.sty (/usr/share/texmf-dist/tex/latex/pgf/systemlayer/pgfsys.sty (/usr/share/texmf-dist/tex/generic/pgf/systemlayer/pgfsys.code.tex
Package: pgfsys 2025-08-29 v3.1.11a (3.1.11a)
 (/usr/share/texmf-dist/tex/generic/pgf/utilities/pgfkeys.code.tex
\pgfkeys@pathtoks=\toks43
\pgfkeys@temptoks=\toks44
 (/usr/share/texmf-dist/tex/generic/pgf/utilities/pgfkeyslibraryfiltered.code.tex
\pgfkeys@tmptoks=\toks45
))
\pgf@x=\dimen274
\pgf@y=\dimen275
\pgf@xa=\dimen276
\pgf@ya=\dimen277
\pgf@xb=\dimen278
\pgf@yb=\dimen279
\pgf@xc=\dimen280
\pgf@yc=\dimen281
\pgf@xd=\dimen282
\pgf@yd=\dimen283
\w@pgf@writea=\write4
\r@pgf@reada=\read2
\c@pgf@counta=\count348
\c@pgf@countb=\count349
\c@pgf@countc=\count350
\c@pgf@countd=\count351
\t@pgf@toka=\toks46
\t@pgf@tokb=\toks47
\t@pgf@tokc=\toks48
\pgf@sys@id@count=\count352
 (/usr/share/texmf-dist/tex/generic/pgf/systemlayer/pgf.cfg
File: pgf.cfg 2025-08-29 v3.1.11a (3.1.11a)
)
Driver file for pgf: pgfsys-pdftex.def
 (/usr/share/texmf-dist/tex/generic/pgf/systemlayer/pgfsys-pdftex.def
File: pgfsys-pdftex.def 2025-08-29 v3.1.11a (3.1.11a)
 (/usr/share/texmf-dist/tex/generic/pgf/systemlayer/pgfsys-common-pdf.def
File: pgfsys-common-pdf.def 2025-08-29 v3.1.11a (3.1.11a)
))) (/usr/share/texmf-dist/tex/generic/pgf/systemlayer/pgfsyssoftpath.code.tex
File: pgfsyssoftpath.code.tex 2025-08-29 v3.1.11a (3.1.11a)
\pgfsyssoftpath@smallbuffer@items=\count353
\pgfsyssoftpath@bigbuffer@items=\count354
) (/usr/share/texmf-dist/tex/generic/pgf/systemlayer/pgfsysprotocol.code.tex
File: pgfsysprotocol.code.tex 2025-08-29 v3.1.11a (3.1.11a)
)) (/usr/share/texmf-dist/tex/generic/pgf/basiclayer/pgfcore.code.tex
Package: pgfcore 2025-08-29 v3.1.11a (3.1.11a)
 (/usr/share/texmf-dist/tex/generic/pgf/math/pgfmath.code.tex (/usr/share/texmf-dist/tex/generic/pgf/math/pgfmathutil.code.tex) (/usr/share/texmf-dist/tex/generic/pgf/math/pgfmathparser.code.tex
\pgfmath@dimen=\dimen284
\pgfmath@count=\count355
\pgfmath@box=\box66
\pgfmath@toks=\toks49
\pgfmath@stack@operand=\toks50
\pgfmath@stack@operation=\toks51
) (/usr/share/texmf-dist/tex/generic/pgf/math/pgfmathfunctions.code.tex) (/usr/share/texmf-dist/tex/generic/pgf/math/pgfmathfunctions.basic.code.tex) (/usr/share/texmf-dist/tex/generic/pgf/math/pgfmathfunctions.trigonometric.code.tex) (/usr/share/texmf-dist/tex/generic/pgf/math/pgfmathfunctions.random.code.tex) (/usr/share/texmf-dist/tex/generic/pgf/math/pgfmathfunctions.comparison.code.tex) (/usr/share/texmf-dist/tex/generic/pgf/math/pgfmathfunctions.base.code.tex) (/usr/share/texmf-dist/tex/generic/pgf/math/pgfmathfunctions.round.code.tex) (/usr/share/texmf-dist/tex/generic/pgf/math/pgfmathfunctions.misc.code.tex) (/usr/share/texmf-dist/tex/generic/pgf/math/pgfmathfunctions.integerarithmetics.code.tex) (/usr/share/texmf-dist/tex/generic/pgf/math/pgfmathcalc.code.tex) (/usr/share/texmf-dist/tex/generic/pgf/math/pgfmathfloat.code.tex
\c@pgfmathroundto@lastzeros=\count356
)) (/usr/share/texmf-dist/tex/generic/pgf/math/pgfint.code.tex) (/usr/share/texmf-dist/tex/generic/pgf/basiclayer/pgfcorepoints.code.tex
File: pgfcorepoints.code.tex 2025-08-29 v3.1.11a (3.1.11a)
\pgf@picminx=\dimen285
\pgf@picmaxx=\dimen286
\pgf@picminy=\dimen287
\pgf@picmaxy=\dimen288
\pgf@pathminx=\dimen289
\pgf@pathmaxx=\dimen290
\pgf@pathminy=\dimen291
\pgf@pathmaxy=\dimen292
\pgf@xx=\dimen293
\pgf@xy=\dimen294
\pgf@yx=\dimen295
\pgf@yy=\dimen296
\pgf@zx=\dimen297
\pgf@zy=\dimen298
) (/usr/share/texmf-dist/tex/generic/pgf/basiclayer/pgfcorepathconstruct.code.tex
File: pgfcorepathconstruct.code.tex 2025-08-29 v3.1.11a (3.1.11a)
\pgf@path@lastx=\dimen299
\pgf@path@lasty=\dimen300
) (/usr/share/texmf-dist/tex/generic/pgf/basiclayer/pgfcorepathusage.code.tex
File: pgfcorepathusage.code.tex 2025-08-29 v3.1.11a (3.1.11a)
\pgf@shorten@end@additional=\dimen301
\pgf@shorten@start@additional=\dimen302
) (/usr/share/texmf-dist/tex/generic/pgf/basiclayer/pgfcorescopes.code.tex
File: pgfcorescopes.code.tex 2025-08-29 v3.1.11a (3.1.11a)
\pgfpic=\box67
\pgf@hbox=\box68
\pgf@layerbox@main=\box69
\pgf@picture@serial@count=\count357
) (/usr/share/texmf-dist/tex/generic/pgf/basiclayer/pgfcoregraphicstate.code.tex
File: pgfcoregraphicstate.code.tex 2025-08-29 v3.1.11a (3.1.11a)
\pgflinewidth=\dimen303
) (/usr/share/texmf-dist/tex/generic/pgf/basiclayer/pgfcoretransformations.code.tex
File: pgfcoretransformations.code.tex 2025-08-29 v3.1.11a (3.1.11a)
\pgf@pt@x=\dimen304
\pgf@pt@y=\dimen305
\pgf@pt@temp=\dimen306
) (/usr/share/texmf-dist/tex/generic/pgf/basiclayer/pgfcorequick.code.tex
File: pgfcorequick.code.tex 2025-08-29 v3.1.11a (3.1.11a)
) (/usr/share/texmf-dist/tex/generic/pgf/basiclayer/pgfcoreobjects.code.tex
File: pgfcoreobjects.code.tex 2025-08-29 v3.1.11a (3.1.11a)
) (/usr/share/texmf-dist/tex/generic/pgf/basiclayer/pgfcorepathprocessing.code.tex
File: pgfcorepathprocessing.code.tex 2025-08-29 v3.1.11a (3.1.11a)
) (/usr/share/texmf-dist/tex/generic/pgf/basiclayer/pgfcorearrows.code.tex
File: pgfcorearrows.code.tex 2025-08-29 v3.1.11a (3.1.11a)
\pgfarrowsep=\dimen307
) (/usr/share/texmf-dist/tex/generic/pgf/basiclayer/pgfcoreshade.code.tex
File: pgfcoreshade.code.tex 2025-08-29 v3.1.11a (3.1.11a)
\pgf@max=\dimen308
\pgf@sys@shading@range@num=\count358
\pgf@shadingcount=\count359
) (/usr/share/texmf-dist/tex/generic/pgf/basiclayer/pgfcoreimage.code.tex
File: pgfcoreimage.code.tex 2025-08-29 v3.1.11a (3.1.11a)
) (/usr/share/texmf-dist/tex/generic/pgf/basiclayer/pgfcoreexternal.code.tex
File: pgfcoreexternal.code.tex 2025-08-29 v3.1.11a (3.1.11a)
\pgfexternal@startupbox=\box70
) (/usr/share/texmf-dist/tex/generic/pgf/basiclayer/pgfcorelayers.code.tex
File: pgfcorelayers.code.tex 2025-08-29 v3.1.11a (3.1.11a)
) (/usr/share/texmf-dist/tex/generic/pgf/basiclayer/pgfcoretransparency.code.tex
File: pgfcoretransparency.code.tex 2025-08-29 v3.1.11a (3.1.11a)
) (/usr/share/texmf-dist/tex/generic/pgf/basiclayer/pgfcorepatterns.code.tex
File: pgfcorepatterns.code.tex 2025-08-29 v3.1.11a (3.1.11a)
) (/usr/share/texmf-dist/tex/generic/pgf/basiclayer/pgfcorerdf.code.tex
File: pgfcorerdf.code.tex 2025-08-29 v3.1.11a (3.1.11a)
))) (/usr/share/texmf-dist/tex/generic/pgf/modules/pgfmoduleshapes.code.tex
File: pgfmoduleshapes.code.tex 2025-08-29 v3.1.11a (3.1.11a)
\pgfnodeparttextbox=\box71
) (/usr/share/texmf-dist/tex/generic/pgf/modules/pgfmoduleplot.code.tex
File: pgfmoduleplot.code.tex 2025-08-29 v3.1.11a (3.1.11a)
) (/usr/share/texmf-dist/tex/latex/pgf/compatibility/pgfcomp-version-0-65.sty
Package: pgfcomp-version-0-65 2025-08-29 v3.1.11a (3.1.11a)
\pgf@nodesepstart=\dimen309
\pgf@nodesepend=\dimen310
) (/usr/share/texmf-dist/tex/latex/pgf/compatibility/pgfcomp-version-1-18.sty
Package: pgfcomp-version-1-18 2025-08-29 v3.1.11a (3.1.11a)
)) (/usr/share/texmf-dist/tex/latex/pgf/utilities/pgffor.sty (/usr/share/texmf-dist/tex/latex/pgf/utilities/pgfkeys.sty (/usr/share/texmf-dist/tex/generic/pgf/utilities/pgfkeys.code.tex)) (/usr/share/texmf-dist/tex/latex/pgf/math/pgfmath.sty (/usr/share/texmf-dist/tex/generic/pgf/math/pgfmath.code.tex)) (/usr/share/texmf-dist/tex/generic/pgf/utilities/pgffor.code.tex
Package: pgffor 2025-08-29 v3.1.11a (3.1.11a)
\pgffor@iter=\dimen311
\pgffor@skip=\dimen312
\pgffor@stack=\toks52
\pgffor@toks=\toks53
)) (/usr/share/texmf-dist/tex/generic/pgf/frontendlayer/tikz/tikz.code.tex
Package: tikz 2025-08-29 v3.1.11a (3.1.11a)
 (/usr/share/texmf-dist/tex/generic/pgf/libraries/pgflibraryplothandlers.code.tex
File: pgflibraryplothandlers.code.tex 2025-08-29 v3.1.11a (3.1.11a)
\pgf@plot@mark@count=\count360
\pgfplotmarksize=\dimen313
)
\tikz@lastx=\dimen314
\tikz@lasty=\dimen315
\tikz@lastxsaved=\dimen316
\tikz@lastysaved=\dimen317
\tikz@lastmovetox=\dimen318
\tikz@lastmovetoy=\dimen319
\tikzleveldistance=\dimen320
\tikzsiblingdistance=\dimen321
\tikz@figbox=\box72
\tikz@figbox@bg=\box73
\tikz@tempbox=\box74
\tikz@tempbox@bg=\box75
\tikztreelevel=\count361
\tikznumberofchildren=\count362
\tikznumberofcurrentchild=\count363
\tikz@fig@count=\count364
 (/usr/share/texmf-dist/tex/generic/pgf/modules/pgfmodulematrix.code.tex
File: pgfmodulematrix.code.tex 2025-08-29 v3.1.11a (3.1.11a)
\pgfmatrixcurrentrow=\count365
\pgfmatrixcurrentcolumn=\count366
\pgf@matrix@numberofcolumns=\count367
)
\tikz@expandcount=\count368
 (/usr/share/texmf-dist/tex/generic/pgf/frontendlayer/tikz/libraries/tikzlibrarytopaths.code.tex
File: tikzlibrarytopaths.code.tex 2025-08-29 v3.1.11a (3.1.11a)
))) (/usr/share/texmf-dist/tex/generic/pgf/libraries/pgflibraryarrows.meta.code.tex
File: pgflibraryarrows.meta.code.tex 2025-08-29 v3.1.11a (3.1.11a)
\pgfarrowinset=\dimen322
\pgfarrowlength=\dimen323
\pgfarrowwidth=\dimen324
\pgfarrowlinewidth=\dimen325
) (/usr/share/texmf-dist/tex/generic/pgf/frontendlayer/tikz/libraries/tikzlibrarypositioning.code.tex
File: tikzlibrarypositioning.code.tex 2025-08-29 v3.1.11a (3.1.11a)
) (/usr/share/texmf-dist/tex/generic/pgf/frontendlayer/tikz/libraries/tikzlibrarycalc.code.tex
File: tikzlibrarycalc.code.tex 2025-08-29 v3.1.11a (3.1.11a)
) (/usr/share/texmf-dist/tex/generic/pgf/frontendlayer/tikz/libraries/tikzlibraryfit.code.tex
File: tikzlibraryfit.code.tex 2025-08-29 v3.1.11a (3.1.11a)
) (/usr/share/texmf-dist/tex/generic/pgf/frontendlayer/tikz/libraries/tikzlibrarydecorations.pathreplacing.code.tex (/usr/share/texmf-dist/tex/generic/pgf/frontendlayer/tikz/libraries/tikzlibrarydecorations.code.tex (/usr/share/texmf-dist/tex/generic/pgf/modules/pgfmoduledecorations.code.tex
\pgfdecoratedcompleteddistance=\dimen326
\pgfdecoratedremainingdistance=\dimen327
\pgfdecoratedinputsegmentcompleteddistance=\dimen328
\pgfdecoratedinputsegmentremainingdistance=\dimen329
\pgf@decorate@distancetomove=\dimen330
\pgf@decorate@repeatstate=\count369
\pgfdecorationsegmentamplitude=\dimen331
\pgfdecorationsegmentlength=\dimen332
)
\tikz@lib@dec@box=\box76
) (/usr/share/texmf-dist/tex/generic/pgf/libraries/decorations/pgflibrarydecorations.pathreplacing.code.tex)) (/usr/share/texmf-dist/tex/generic/pgf/frontendlayer/tikz/libraries/tikzlibraryshapes.geometric.code.tex
File: tikzlibraryshapes.geometric.code.tex 2025-08-29 v3.1.11a (3.1.11a)
 (/usr/share/texmf-dist/tex/generic/pgf/libraries/shapes/pgflibraryshapes.geometric.code.tex
File: pgflibraryshapes.geometric.code.tex 2025-08-29 v3.1.11a (3.1.11a)
))) (./commands.tex
\c@theorem=\count370
)

Package hyperref Warning: Token not allowed in a PDF string (Unicode):
(hyperref)                removing `\<let>-command' on input line 11.


Package hyperref Warning: Token not allowed in a PDF string (Unicode):
(hyperref)                removing `\calc@A' on input line 11.


Package hyperref Warning: Token not allowed in a PDF string (Unicode):
(hyperref)                removing `\calc@Askip' on input line 11.


Package hyperref Warning: Token not allowed in a PDF string (Unicode):
(hyperref)                removing `\<let>-command' on input line 11.


Package hyperref Warning: Token not allowed in a PDF string (Unicode):
(hyperref)                removing `\calc@B' on input line 11.


Package hyperref Warning: Token not allowed in a PDF string (Unicode):
(hyperref)                removing `\calc@Bskip' on input line 11.


Package hyperref Warning: Token not allowed in a PDF string (Unicode):
(hyperref)                removing `\begingroup' on input line 11.


Package hyperref Warning: Token not allowed in a PDF string (Unicode):
(hyperref)                removing `\aftergroup' on input line 11.


Package hyperref Warning: Token not allowed in a PDF string (Unicode):
(hyperref)                removing `\calc@B' on input line 11.


Package hyperref Warning: Token not allowed in a PDF string (Unicode):
(hyperref)                removing `\calc@A' on input line 11.


Package hyperref Warning: Token not allowed in a PDF string (Unicode):
(hyperref)                removing `\begingroup' on input line 11.


Package hyperref Warning: Token not allowed in a PDF string (Unicode):
(hyperref)                removing `\aftergroup' on input line 11.


Package hyperref Warning: Token not allowed in a PDF string (Unicode):
(hyperref)                removing `\calc@B' on input line 11.


Package hyperref Warning: Token not allowed in a PDF string (Unicode):
(hyperref)                removing `\calc@A' on input line 11.


Package hyperref Warning: Token not allowed in a PDF string (Unicode):
(hyperref)                removing `\afterassignment' on input line 11.


Package hyperref Warning: Token not allowed in a PDF string (Unicode):
(hyperref)                removing `\<def>-command' on input line 11.


Package hyperref Warning: Token not allowed in a PDF string (Unicode):
(hyperref)                removing `\calc@next' on input line 11.


Package hyperref Warning: Token not allowed in a PDF string (Unicode):
(hyperref)                removing `\calc@next' on input line 11.


Package hyperref Warning: Token not allowed in a PDF string (Unicode):
(hyperref)                removing `\calc@A' on input line 11.


Package hyperref Warning: Token not allowed in a PDF string (Unicode):
(hyperref)                removing `\affilsep' on input line 11.


Package hyperref Warning: Token not allowed in a PDF string (Unicode):
(hyperref)                removing `\global' on input line 11.


Package hyperref Warning: Token not allowed in a PDF string (Unicode):
(hyperref)                removing `\calc@A' on input line 11.


Package hyperref Warning: Token not allowed in a PDF string (Unicode):
(hyperref)                removing `\calc@B' on input line 11.


Package hyperref Warning: Token not allowed in a PDF string (Unicode):
(hyperref)                removing `\endgroup' on input line 11.


Package hyperref Warning: Token not allowed in a PDF string (Unicode):
(hyperref)                removing `\@affilsep' on input line 11.


Package hyperref Warning: Token not allowed in a PDF string (Unicode):
(hyperref)                removing `\calc@B' on input line 11.


Package hyperref Warning: Token not allowed in a PDF string (Unicode):
(hyperref)                removing `\begingroup' on input line 11.


Package hyperref Warning: Token not allowed in a PDF string (Unicode):
(hyperref)                removing `\<def>-command' on input line 11.


Package hyperref Warning: Token not allowed in a PDF string (Unicode):
(hyperref)                removing `\<let>-command' on input line 11.


Package hyperref Warning: Token not allowed in a PDF string (Unicode):
(hyperref)                removing `\write' on input line 11.


Package hyperref Warning: Token not allowed in a PDF string (Unicode):
(hyperref)                removing `\@unused' on input line 11.


Package hyperref Warning: Token not allowed in a PDF string (Unicode):
(hyperref)                removing `\author' on input line 11.


Package hyperref Warning: Token not allowed in a PDF string (Unicode):
(hyperref)                removing `\endgroup' on input line 11.


Package hyperref Warning: Token not allowed in a PDF string (Unicode):
(hyperref)                removing `\<let>-command' on input line 11.


Package hyperref Warning: Token not allowed in a PDF string (Unicode):
(hyperref)                removing `\calc@A' on input line 11.


Package hyperref Warning: Token not allowed in a PDF string (Unicode):
(hyperref)                removing `\calc@Askip' on input line 11.


Package hyperref Warning: Token not allowed in a PDF string (Unicode):
(hyperref)                removing `\<let>-command' on input line 11.


Package hyperref Warning: Token not allowed in a PDF string (Unicode):
(hyperref)                removing `\calc@B' on input line 11.


Package hyperref Warning: Token not allowed in a PDF string (Unicode):
(hyperref)                removing `\calc@Bskip' on input line 11.


Package hyperref Warning: Token not allowed in a PDF string (Unicode):
(hyperref)                removing `\begingroup' on input line 11.


Package hyperref Warning: Token not allowed in a PDF string (Unicode):
(hyperref)                removing `\aftergroup' on input line 11.


Package hyperref Warning: Token not allowed in a PDF string (Unicode):
(hyperref)                removing `\calc@B' on input line 11.


Package hyperref Warning: Token not allowed in a PDF string (Unicode):
(hyperref)                removing `\calc@A' on input line 11.


Package hyperref Warning: Token not allowed in a PDF string (Unicode):
(hyperref)                removing `\begingroup' on input line 11.


Package hyperref Warning: Token not allowed in a PDF string (Unicode):
(hyperref)                removing `\aftergroup' on input line 11.


Package hyperref Warning: Token not allowed in a PDF string (Unicode):
(hyperref)                removing `\calc@B' on input line 11.


Package hyperref Warning: Token not allowed in a PDF string (Unicode):
(hyperref)                removing `\calc@A' on input line 11.


Package hyperref Warning: Token not allowed in a PDF string (Unicode):
(hyperref)                removing `\afterassignment' on input line 11.


Package hyperref Warning: Token not allowed in a PDF string (Unicode):
(hyperref)                removing `\<def>-command' on input line 11.


Package hyperref Warning: Token not allowed in a PDF string (Unicode):
(hyperref)                removing `\calc@next' on input line 11.


Package hyperref Warning: Token not allowed in a PDF string (Unicode):
(hyperref)                removing `\calc@next' on input line 11.


Package hyperref Warning: Token not allowed in a PDF string (Unicode):
(hyperref)                removing `\calc@A' on input line 11.


Package hyperref Warning: Token not allowed in a PDF string (Unicode):
(hyperref)                removing `\affilsep' on input line 11.


Package hyperref Warning: Token not allowed in a PDF string (Unicode):
(hyperref)                removing `\global' on input line 11.


Package hyperref Warning: Token not allowed in a PDF string (Unicode):
(hyperref)                removing `\calc@A' on input line 11.


Package hyperref Warning: Token not allowed in a PDF string (Unicode):
(hyperref)                removing `\calc@B' on input line 11.


Package hyperref Warning: Token not allowed in a PDF string (Unicode):
(hyperref)                removing `\endgroup' on input line 11.


Package hyperref Warning: Token not allowed in a PDF string (Unicode):
(hyperref)                removing `\@affilsep' on input line 11.


Package hyperref Warning: Token not allowed in a PDF string (Unicode):
(hyperref)                removing `\calc@B' on input line 11.


Package hyperref Warning: Token not allowed in a PDF string (Unicode):
(hyperref)                removing `\begingroup' on input line 11.


Package hyperref Warning: Token not allowed in a PDF string (Unicode):
(hyperref)                removing `\<def>-command' on input line 11.


Package hyperref Warning: Token not allowed in a PDF string (Unicode):
(hyperref)                removing `\<let>-command' on input line 11.


Package hyperref Warning: Token not allowed in a PDF string (Unicode):
(hyperref)                removing `\write' on input line 11.


Package hyperref Warning: Token not allowed in a PDF string (Unicode):
(hyperref)                removing `\@unused' on input line 11.


Package hyperref Warning: Token not allowed in a PDF string (Unicode):
(hyperref)                removing `\author' on input line 11.


Package hyperref Warning: Token not allowed in a PDF string (Unicode):
(hyperref)                removing `\endgroup' on input line 11.

Package hyperref Info: Option `pdfdisplaydoctitle' set `true' on input line 11.
(/usr/share/texmf-dist/tex/latex/preprint/balance.sty
Package: balance 1999/02/23 4.3 (PWD)
\oldvsize=\dimen333
) Excluding comment 'screenonly' Include comment 'printonly' Include comment 'anonsuppress' (/usr/share/texmf-dist/tex/latex/l3backend/l3backend-pdftex.def
File: l3backend-pdftex.def 2025-10-09 L3 backend support: PDF output (pdfTeX)
\l__color_backend_stack_int=\count371
) (./main.aux)
\openout1 = `main.aux'.

LaTeX Font Info:    Checking defaults for OML/cmm/m/it on input line 11.
LaTeX Font Info:    ... okay on input line 11.
LaTeX Font Info:    Checking defaults for OMS/cmsy/m/n on input line 11.
LaTeX Font Info:    ... okay on input line 11.
LaTeX Font Info:    Checking defaults for OT1/cmr/m/n on input line 11.
LaTeX Font Info:    ... okay on input line 11.
LaTeX Font Info:    Checking defaults for T1/cmr/m/n on input line 11.
LaTeX Font Info:    ... okay on input line 11.
LaTeX Font Info:    Checking defaults for TS1/cmr/m/n on input line 11.
LaTeX Font Info:    ... okay on input line 11.
LaTeX Font Info:    Checking defaults for OMX/cmex/m/n on input line 11.
LaTeX Font Info:    ... okay on input line 11.
LaTeX Font Info:    Checking defaults for U/cmr/m/n on input line 11.
LaTeX Font Info:    ... okay on input line 11.
LaTeX Font Info:    Checking defaults for PD1/pdf/m/n on input line 11.
LaTeX Font Info:    ... okay on input line 11.
LaTeX Font Info:    Checking defaults for PU/pdf/m/n on input line 11.
LaTeX Font Info:    ... okay on input line 11.
<<ot1.cmap>><<oml.cmap>><<oms.cmap>><<omx.cmap>>
LaTeX Font Info:    Trying to load font information for U+msa on input line 11.
 (/usr/share/texmf-dist/tex/latex/amsfonts/umsa.fd
File: umsa.fd 2013/01/14 v3.01 AMS symbols A
)
LaTeX Font Info:    Trying to load font information for U+msb on input line 11.
 (/usr/share/texmf-dist/tex/latex/amsfonts/umsb.fd
File: umsb.fd 2013/01/14 v3.01 AMS symbols B
)
LaTeX Info: Redefining \microtypecontext on input line 11.
Package microtype Info: Applying patch `item' on input line 11.
Package microtype Info: Applying patch `toc' on input line 11.
Package microtype Info: Applying patch `eqnum' on input line 11.
Package microtype Info: Applying patch `footnote' on input line 11.
Package microtype Info: Applying patch `verbatim' on input line 11.
LaTeX Info: Redefining \microtypesetup on input line 11.
Package microtype Info: Generating PDF output.
Package microtype Info: Character protrusion enabled (level 2).
Package microtype Info: Using default protrusion set `alltext'.
Package microtype Info: Automatic font expansion enabled (level 2),
(microtype)             stretch: 20, shrink: 20, step: 1, non-selected.
Package microtype Info: Using default expansion set `alltext-nott'.
Package microtype Info: Patching command `\showhyphens'.
Package microtype Info: No adjustment of tracking.
Package microtype Info: No adjustment of interword spacing.
Package microtype Info: No adjustment of character kerning.
 (/usr/share/texmf-dist/tex/latex/microtype/mt-cmr.cfg
File: mt-cmr.cfg 2013/05/19 v2.2 microtype config. file: Computer Modern Roman (RS)
)
Package hyperref Info: Link coloring OFF on input line 11.
 (./main.out) (./main.out)
\@outlinefile=\write5
\openout5 = `main.out'.

 (/usr/share/texmf-dist/tex/context/base/mkii/supp-pdf.mkii
[Loading MPS to PDF converter (version 2006.09.02).]
\scratchcounter=\count372
\scratchdimen=\dimen334
\scratchbox=\box77
\nofMPsegments=\count373
\nofMParguments=\count374
\everyMPshowfont=\toks54
\MPscratchCnt=\count375
\MPscratchDim=\dimen335
\MPnumerator=\count376
\makeMPintoPDFobject=\count377
\everyMPtoPDFconversion=\toks55
) (/usr/share/texmf-dist/tex/latex/epstopdf-pkg/epstopdf-base.sty
Package: epstopdf-base 2020-01-24 v2.11 Base part for package epstopdf
Package epstopdf-base Info: Redefining graphics rule for `.eps' on input line 485.
 (/usr/share/texmf-dist/tex/latex/latexconfig/epstopdf-sys.cfg
File: epstopdf-sys.cfg 2010/07/13 v1.3 Configuration of (r)epstopdf for TeX Live
))
*geometry* driver: auto-detecting
*geometry* detected driver: pdftex
*geometry* verbose mode - [ preamble ] result:
* driver: pdftex
* paper: custom
* layout: <same size as paper>
* layoutoffset:(h,v)=(0.0pt,0.0pt)
* modes: includehead includefoot twoside heightrounded 
* h-part:(L,W,R)=(54.0pt, 506.295pt, 54.0pt)
* v-part:(T,H,B)=(57.0pt, 664.96999pt, 73.0pt)
* \paperwidth=614.295pt
* \paperheight=794.96999pt
* \textwidth=506.295pt
* \textheight=626.0pt
* \oddsidemargin=-18.26999pt
* \evensidemargin=-18.26999pt
* \topmargin=-15.26999pt
* \headheight=13.0pt
* \headsep=14.0pt
* \topskip=10.0pt
* \footskip=12.0pt
* \marginparwidth=24.0pt
* \marginparsep=11.0pt
* \columnsep=24.0pt
* \skip\footins=7.0pt plus 11.0pt
* \hoffset=0.0pt
* \voffset=0.0pt
* \mag=1000
* \@twocolumnfalse
* \@twosidetrue
* \@mparswitchtrue
* \@reversemarginfalse
* (1in=72.27pt=25.4mm, 1cm=28.453pt)

Package caption Info: Begin \AtBeginDocument code.
Package caption Info: float package is loaded.
Package caption Info: End \AtBeginDocument code.
Excluding 'comment' comment. Excluding 'CCSXML' comment.
Package microtype Info: Loading generic protrusion settings for font family
(microtype)             `cmss' (encoding: OT1).
(microtype)             For optimal results, create family-specific settings.
(microtype)             See the microtype manual for details.
 (/usr/share/texmf-dist/tex/latex/microtype/mt-msa.cfg
File: mt-msa.cfg 2006/02/04 v1.1 microtype config. file: AMS symbols (a) (RS)
) (/usr/share/texmf-dist/tex/latex/microtype/mt-msb.cfg
File: mt-msb.cfg 2005/06/01 v1.0 microtype config. file: AMS symbols (b) (RS)
) (./sections/01_intro.tex [1.1{/var/lib/texmf/fonts/map/pdftex/updmap/pdftex.map}

{/usr/share/texmf-dist/fonts/enc/dvips/cm-super/cm-super-ts1.enc}]
Underfull \vbox (badness 10000) has occurred while \output is active []



Class acmart Warning: A possible image without description on input line 136.


LaTeX Warning: `h' float specifier changed to `ht'.


Overfull \hbox (24.1414pt too wide) in paragraph at lines 139--144
\OT1/cmr/m/n/9 (-20) A pre-sen-ta-tion is a NIZK show-ing knowl-edge of $\OT1/cmr/bx/n/9 (-20) m\OML/cmm/m/it/9 ; \OT1/cmr/bx/n/9 (-20) k\OML/cmm/m/it/9 ; R[]; R[]; Z; T; \OT1/cmr/bx/n/9 (-20) u$\OT1/cmr/m/n/9 (-20) ,
 []

[2.2]

Class acmart Warning: A possible image without description on input line 179.

) (./sections/02_preliminaries.tex<<ot1tt.cmap>> [3.3]
Overfull \hbox (39.0109pt too wide) detected at line 61
[] [] [] [] \OMS/cmsy/m/n/9 ^^T []\OT1/cmr/m/n/9 (\OML/cmm/m/it/9 ^^U\OT1/cmr/m/n/9 )\OML/cmm/m/it/9 ;
 []


Overfull \hbox (19.79272pt too wide) detected at line 69
[] []\OT1/cmr/m/n/9 [\OMS/cmsy/m/n/9 D[]\OT1/cmr/m/n/9 ([][]) = 1] \OMS/cmsy/m/n/9 ^^@ []\OT1/cmr/m/n/9 [\OMS/cmsy/m/n/9 D[]\OT1/cmr/m/n/9 ([][]) = 1][] \OMS/cmsy/m/n/9 ^^T []\OT1/cmr/m/n/9 (\OML/cmm/m/it/9 ^^U\OT1/cmr/m/n/9 )
 []


Overfull \hbox (1.36917pt too wide) in paragraph at lines 69--71
\OT1/cmr/m/n/9 (-20) and the prob-a-bil-ity is taken over the ran-dom-ness of $[]\OML/cmm/m/it/9 ; \OMS/cmsy/m/n/9 D$\OT1/cmr/m/n/9 (-20) . 
 []

LaTeX Font Info:    Font shape `OT1/cmss/m/it' in size <9> not available
(Font)              Font shape `OT1/cmss/m/sl' tried instead on input line 74.

Overfull \hbox (7.08948pt too wide) in paragraph at lines 129--132
\OT1/cmr/m/n/9 (-20) in $\OML/cmm/m/it/9 R[]$\OT1/cmr/m/n/9 (-20) . The con-cate-nated dif-fer-ence is non-zero and coefficient-
 []


Overfull \hbox (22.08803pt too wide) in paragraph at lines 142--146
\OT1/cmr/m/n/9 (-20) suite over $\OML/cmm/m/it/9 R[]$ \OT1/cmr/m/n/9 (-20) con-sists of PPT al-go-rithms $([]\OML/cmm/m/it/9 ; []; []\OT1/cmr/m/n/9 (-20) )$
 []


Overfull \hbox (16.87009pt too wide) in paragraph at lines 150--153
[]\OT1/cmr/m/n/9 (-20) On in-put $([][]\OML/cmm/m/it/9 ; []; \OT1/cmr/bx/n/9 (-20) t\OT1/cmr/m/n/9 (-20) )$ with $\OT1/cmr/bx/n/9 (-20) t \OMS/cmsy/m/n/9 2 \OML/cmm/m/it/9 R[]$\OT1/cmr/m/n/9 (-20) , the al-go-rithm $[]([]\OML/cmm/m/it/9 ; \OT1/cmr/bx/n/9 (-20) t\OT1/cmr/m/n/9 (-20) )$
 []

[4.4]
Overfull \hbox (78.45421pt too wide) detected at line 199
\OML/cmm/m/it/9 T \OT1/cmr/m/n/9 = \OML/cmm/m/it/9 h[]\OT1/cmr/m/n/9 (\OML/cmm/m/it/9 B\OT1/cmr/m/n/9 )  \OMS/cmsy/m/n/9 ([])  9\OML/cmm/m/it/9 Z \OMS/cmsy/m/n/9 2 \OML/cmm/m/it/9 R[] \OT1/cmr/m/n/9 :  \OML/cmm/m/it/9 T \OT1/cmr/m/n/9 = \OML/cmm/m/it/9 L[]\OT1/cmr/m/n/9 (\OML/cmm/m/it/9 m; R[]\OT1/cmr/m/n/9 ) + \OML/cmm/m/it/9 Z  \OMS/cmsy/m/n/9 ^  \OT1/cmr/m/n/9 (\OML/cmm/m/it/9 B[] \OMS/cmsy/m/n/9 ^^@ \OML/cmm/m/it/9 R[]\OT1/cmr/m/n/9 ) \OMS/cmsy/m/n/9 ^^L \OML/cmm/m/it/9 Z \OT1/cmr/m/n/9 = 1\OML/cmm/m/it/9 :
 []


Overfull \hbox (55.56439pt too wide) detected at line 214
\OML/cmm/m/it/9 L[]\OT1/cmr/m/n/9 (\OML/cmm/m/it/9 m; R[]\OT1/cmr/m/n/9 ) = (\OML/cmm/m/it/9 `[]; [] ; `[]\OT1/cmr/m/n/9 )\OML/cmm/m/it/9 ;  B[] \OMS/cmsy/m/n/9 ^^@ \OML/cmm/m/it/9 R[] \OT1/cmr/m/n/9 = (\OML/cmm/m/it/9 d[]; [] ; d[]\OT1/cmr/m/n/9 )\OML/cmm/m/it/9 ;  T \OT1/cmr/m/n/9 = (\OML/cmm/m/it/9 t[]; [] ; t[]\OT1/cmr/m/n/9 )\OML/cmm/m/it/9 :
 []


Overfull \hbox (6.17612pt too wide) detected at line 220
\OML/cmm/m/it/9 T \OT1/cmr/m/n/9 = \OML/cmm/m/it/9 h[]\OT1/cmr/m/n/9 (\OML/cmm/m/it/9 B\OT1/cmr/m/n/9 )  \OMS/cmsy/m/n/9 ([])  \OT1/cmr/m/n/9 (\OML/cmm/m/it/9 B[] \OMS/cmsy/m/n/9 ^^@ \OML/cmm/m/it/9 R[]\OT1/cmr/m/n/9 ) \OMS/cmsy/m/n/9 ^^L []\OML/cmm/m/it/9 T \OMS/cmsy/m/n/9 ^^@ \OML/cmm/m/it/9 L[]\OT1/cmr/m/n/9 (\OML/cmm/m/it/9 m; R[]\OT1/cmr/m/n/9 )[] = 1\OML/cmm/m/it/9 :
 []


Overfull \hbox (35.77156pt too wide) detected at line 260
\OML/cmm/m/it/9 R[] \OT1/cmr/m/n/9 := (\OML/cmm/m/it/9 S\OMS/cmsy/m/n/9 k\OML/cmm/m/it/9 E\OT1/cmr/m/n/9 )\OML/cmm/m/it/9 ;  S \OMS/cmsy/m/n/9 2 \OML/cmm/m/it/9 R[];  E \OMS/cmsy/m/n/9 2 \OML/cmm/m/it/9 R[];  R[] \OMS/cmsy/m/n/9   D[] \OT1/cmr/m/n/9 := \OML/cmm/m/it/9 ^^_[] \OMS/cmsy/m/n/9 ^^B \OML/cmm/m/it/9 ^^_[]:
 []


Overfull \hbox (28.1292pt too wide) detected at line 286
[][][][]\OML/cmm/m/it/9 B[] \OT1/cmr/m/n/9 := \OML/cmm/m/it/9 U\OT1/cmr/bx/n/9 A[]\OML/cmm/m/it/9 ;  B[] \OT1/cmr/m/n/9 := \OML/cmm/m/it/9 U\OT1/cmr/bx/n/9 A[]\OML/cmm/m/it/9 ;  B[] \OT1/cmr/m/n/9 := \OML/cmm/m/it/9 U\OT1/cmr/bx/n/9 A[]\OML/cmm/m/it/9 ;  B[] \OT1/cmr/m/n/9 := \OML/cmm/m/it/9 U:
 []


Overfull \hbox (17.30855pt too wide) detected at line 298
[][][][]\OML/cmm/m/it/9 L[]\OT1/cmr/m/n/9 (\OT1/cmr/bx/n/9 m\OML/cmm/m/it/9 ; \OT1/cmr/bx/n/9 k\OML/cmm/m/it/9 ; S; E\OT1/cmr/m/n/9 ) := \OML/cmm/m/it/9 B[] \OT1/cmr/m/n/9 + \OML/cmm/m/it/9 B[]\OT1/cmr/bx/n/9 m \OT1/cmr/m/n/9 + \OML/cmm/m/it/9 B[]\OT1/cmr/bx/n/9 k \OT1/cmr/m/n/9 + \OML/cmm/m/it/9 B[]S \OT1/cmr/m/n/9 + \OML/cmm/m/it/9 B[]E \OT1/cmr/m/n/9 = \OML/cmm/m/it/9 B[] \OT1/cmr/m/n/9 + \OML/cmm/m/it/9 Uc:
 []


Overfull \hbox (5.00655pt too wide) in paragraph at lines 317--319
 []\OT1/cmr/m/it/9 (-20) Hiding-view ex-per-i-ment.[] \OT1/cmr/m/n/9 (-20) For a PPT ad-ver-sary $\OMS/cmsy/m/n/9 A \OT1/cmr/m/n/9 (-20) = (\OMS/cmsy/m/n/9 A[]\OML/cmm/m/it/9 ; \OMS/cmsy/m/n/9 A[]\OT1/cmr/m/n/9 (-20) )$,
 []

[5.5]
Overfull \hbox (2.26936pt too wide) in paragraph at lines 358--360
 []\OT1/cmr/m/it/9 (-20) Target-only hid-ing ex-per-i-ment.[] \OT1/cmr/m/n/9 (-20) De-fine $[][](\OML/cmm/m/it/9 ^^U\OT1/cmr/m/n/9 (-20) )$ iden-
 []


Overfull \hbox (2.33223pt too wide) in paragraph at lines 378--379
[]\OT1/cmr/m/n/9 (-20) Construct $\OMS/cmsy/m/n/9 B \OT1/cmr/m/n/9 (-20) = (\OMS/cmsy/m/n/9 B[]\OML/cmm/m/it/9 ; \OMS/cmsy/m/n/9 B[]\OT1/cmr/m/n/9 (-20) )$ for the commitment-hiding
 []

[6.6] Excluding 'comment' comment.
Overfull \hbox (11.983pt too wide) in paragraph at lines 649--650
[]$[][]$ \OT1/cmr/m/it/9 (-20) are ad-mis-si-ble pa-ram-e-ters for $\OT1/cmr/m/n/9 (-20) ([]\OML/cmm/m/it/9 ; []; []\OT1/cmr/m/n/9 (-20) )$\OT1/cmr/m/it/9 (-20) ; 
 []

[7.7]
Overfull \hbox (11.69164pt too wide) in paragraph at lines 733--735
[]\OT1/cmr/m/n/9 (-20) We in-stan-ti-ate these proofs us-ing the SmallWood PACS/PIOP
 []


Overfull \hbox (3.01213pt too wide) in paragraph at lines 748--749
[]\OT1/cmr/bx/n/9 (-20) Definition 2.17 \OT1/cmr/m/n/9 (-20) (Blind Sig-na-ture)\OT1/cmr/bx/n/9 (-20) . []\OT1/cmr/m/n/9 (-20) A Blind Sig-na-ture scheme
 []

[8.8]
Overfull \hbox (4.03339pt too wide) in paragraph at lines 892--894
\OT1/cmr/m/n/9 (-20) ARC scheme. Con-sider the fol-low-ing ex-per-i-ment $[][](\OML/cmm/m/it/9 ^^U\OT1/cmr/m/n/9 (-20) )$
 []

[9.9]) (./sections/03_blind_signature.tex
Overfull \hbox (16.47722pt too wide) in paragraph at lines 34--36
 \OT1/cmss/m/sl/9 (-20) 3.0.2 Blind Sig-na-ture pro-to-col.[] \OT1/cmr/m/n/9 (-20) We as-sume $[] = ([]\OML/cmm/m/it/9 ; []\OT1/cmr/m/n/9 (-20) )$
 []


Overfull \hbox (8.77303pt too wide) in paragraph at lines 34--36
\OT1/cmr/m/n/9 (-20) is a NIZK for the re-la-tions be-low, $[] = ([]\OML/cmm/m/it/9 ; []; []\OT1/cmr/m/n/9 (-20) )$
 []


Overfull \hbox (64.1937pt too wide) detected at line 68
\OMS/cmsy/m/n/9 R[] \OT1/cmr/m/n/9 := [] \OML/cmm/m/it/9 :
 []


Overfull \hbox (131.91385pt too wide) detected at line 89
\OMS/cmsy/m/n/9 R[] \OT1/cmr/m/n/9 := [] \OML/cmm/m/it/9 :
 []


Overfull \hbox (10.98979pt too wide) in paragraph at lines 102--104
\OT1/cmr/m/n/9 (-20) and de-fine the BB-tran de-scrip-tion $\OML/cmm/m/it/9 B \OT1/cmr/m/n/9 (-20) = (\OML/cmm/m/it/9 B[]; B[]; B[]; B[]\OT1/cmr/m/n/9 (-20) )$
 []


Overfull \hbox (3.60155pt too wide) detected at line 114
[][] \OT1/cmr/m/n/9 := (\OT1/cmr/bx/n/9 A[]\OML/cmm/m/it/9 ; \OT1/cmr/bx/n/9 A[]\OML/cmm/m/it/9 ; ^^L[]\OT1/cmr/m/n/9 )\OML/cmm/m/it/9 ;  \OMS/cmsy/m/n/9 M \OT1/cmr/m/n/9 := \OMS/cmsy/m/n/9 f\OML/cmm/m/it/9 ^^V \OMS/cmsy/m/n/9 2 \OML/cmm/m/it/9 R[] \OT1/cmr/m/n/9 : \OMS/cmsy/m/n/9 jj\OML/cmm/m/it/9 ^^V\OMS/cmsy/m/n/9 jj[] ^^T \OML/cmm/m/it/9 ^^L[]\OMS/cmsy/m/n/9 g\OML/cmm/m/it/9 ;
 []

[10.10]
Overfull \hbox (3.10529pt too wide) in paragraph at lines 141--144
\OT1/cmr/m/n/9 (-20) and pro-duces the is-su-ing NIZK $\OML/cmm/m/it/9 ^^Y[]$ \OT1/cmr/m/n/9 (-20) us-ing $[]\OML/cmm/m/it/9 :[]$
 []


Overfull \hbox (24.22311pt too wide) in paragraph at lines 145--148
[]$\OMS/cmsy/m/n/9 I$ \OT1/cmr/m/n/9 (-20) ver-i-fies $\OML/cmm/m/it/9 ^^Y[]$ \OT1/cmr/m/n/9 (-20) for re-la-tion $\OMS/cmsy/m/n/9 R[]$ \OT1/cmr/m/n/9 (-20) on $([][]\OML/cmm/m/it/9 ; \OT1/cmr/bx/n/9 (-20) c\OML/cmm/m/it/9 ; T; R[]; U; B\OT1/cmr/m/n/9 (-20) )$
 []


Overfull \hbox (51.73996pt too wide) in paragraph at lines 145--148
\OT1/cmr/m/n/9 (-20) us-ing $[]\OML/cmm/m/it/9 :[]$\OT1/cmr/m/n/9 (-20) ; if it ac-cepts, sam-ple $\OT1/cmr/bx/n/9 (-20) u \OMS/cmsy/m/n/9   []\OML/cmm/m/it/9 :[]\OT1/cmr/m/n/9 (-20) ([]\OML/cmm/m/it/9 ; T\OT1/cmr/m/n/9 (-20) )$
 []


Overfull \hbox (30.09048pt too wide) in paragraph at lines 165--167
[]\OT1/cmr/bx/n/9 (-20) Proposition 3.1 \OT1/cmr/m/n/9 (-20) (Cor-rect-ness)\OT1/cmr/bx/n/9 (-20) . []\OT1/cmr/m/it/9 (-20) As-sume cor-rect-ness of $[]\OML/cmm/m/it/9 ; []$\OT1/cmr/m/it/9 (-20) .
 []

) (./sections/04_arc_construction.tex
Overfull \hbox (151.76324pt too wide) detected at line 48
\OMS/cmsy/m/n/9 R[] \OT1/cmr/m/n/9 := [] \OML/cmm/m/it/9 :
 []


Overfull \hbox (203.05457pt too wide) detected at line 70
\OMS/cmsy/m/n/9 R[] \OT1/cmr/m/n/9 := [] \OML/cmm/m/it/9 :
 []

[11.11]
Overfull \hbox (28.87941pt too wide) in paragraph at lines 87--90
[]$\OMS/cmsy/m/n/9 I$ \OT1/cmr/m/n/9 (-20) ver-i-fies $\OML/cmm/m/it/9 ^^Y[]$ \OT1/cmr/m/n/9 (-20) for re-la-tion $\OMS/cmsy/m/n/9 R[]$ \OT1/cmr/m/n/9 (-20) on $([][]\OML/cmm/m/it/9 ; \OT1/cmr/bx/n/9 (-20) c\OML/cmm/m/it/9 ; T; R[]; U; B\OT1/cmr/m/n/9 (-20) )$
 []


Overfull \hbox (51.73996pt too wide) in paragraph at lines 87--90
\OT1/cmr/m/n/9 (-20) us-ing $[]\OML/cmm/m/it/9 :[]$\OT1/cmr/m/n/9 (-20) ; if it ac-cepts, sam-ple $\OT1/cmr/bx/n/9 (-20) u \OMS/cmsy/m/n/9   []\OML/cmm/m/it/9 :[]\OT1/cmr/m/n/9 (-20) ([]\OML/cmm/m/it/9 ; T\OT1/cmr/m/n/9 (-20) )$
 []


Overfull \hbox (13.28398pt too wide) in paragraph at lines 102--105
[]\OT1/cmr/m/n/9 (-20) For an ini-tially empty
 []


Overfull \hbox (11.05869pt too wide) in paragraph at lines 117--119
\OT1/cmr/m/n/9 (-20) We in-stan-ti-ate the PRF from Def-i-ni-tion []2.24[] us-ing the Poseidon2-
 []

Package hyperref Info: bookmark level for unknown algorithm defaults to 0 on input line 121.

Underfull \vbox (badness 10000) has occurred while \output is active []


Overfull \hbox (66.25148pt too wide) detected at line 150
\OML/cmm/m/it/9 ^^V \OT1/cmr/m/n/9 = \OT1/cmr/bx/n/9 m\OMS/cmsy/m/n/9 k\OT1/cmr/bx/n/9 k\OML/cmm/m/it/9 ;  T \OT1/cmr/m/n/9 = \OML/cmm/m/it/9 B[] \OT1/cmr/m/n/9 + \OML/cmm/m/it/9 U\OT1/cmr/m/n/9 (\OT1/cmr/bx/n/9 A[]m \OT1/cmr/m/n/9 + \OT1/cmr/bx/n/9 A[]k \OT1/cmr/m/n/9 + \OT1/cmr/bx/n/9 A[]\OML/cmm/m/it/9 S \OT1/cmr/m/n/9 + \OML/cmm/m/it/9 E\OT1/cmr/m/n/9 ) + \OML/cmm/m/it/9 Z;  \OT1/cmr/m/n/9 (\OML/cmm/m/it/9 B[] \OMS/cmsy/m/n/9 ^^@ \OML/cmm/m/it/9 R[]\OT1/cmr/m/n/9 ) \OMS/cmsy/m/n/9 ^^L \OML/cmm/m/it/9 Z \OT1/cmr/m/n/9 = 1\OML/cmm/m/it/9 ;
 []

[12.12]
Overfull \hbox (73.99864pt too wide) detected at line 186
\OT1/cmr/m/n/9 (\OML/cmm/m/it/9 B[] \OMS/cmsy/m/n/9 ^^@ \OML/cmm/m/it/9 R[]\OT1/cmr/m/n/9 ) \OMS/cmsy/m/n/9 ^^L \OML/cmm/m/it/9 Z \OT1/cmr/m/n/9 = 1\OML/cmm/m/it/9 ;  T \OT1/cmr/m/n/9 = \OML/cmm/m/it/9 B[] \OT1/cmr/m/n/9 + \OML/cmm/m/it/9 B[]\OT1/cmr/m/n/9 (\OML/cmm/m/it/9 M \OT1/cmr/m/n/9 + \OML/cmm/m/it/9 K\OT1/cmr/m/n/9 ) + \OML/cmm/m/it/9 B[]R[] \OT1/cmr/m/n/9 + \OML/cmm/m/it/9 Z \OT1/cmr/m/n/9 = \OML/cmm/m/it/9 h[]\OT1/cmr/m/n/9 (\OML/cmm/m/it/9 B\OT1/cmr/m/n/9 )\OML/cmm/m/it/9 ;
 []

) (./sections/05_smallwood_model.tex
Overfull \hbox (33.8595pt too wide) detected at line 24
\OML/cmm/m/it/9 f[] []P[]\OT1/cmr/m/n/9 (\OML/cmm/m/it/9 !\OT1/cmr/m/n/9 )\OML/cmm/m/it/9 ; [] ; P[]\OT1/cmr/m/n/9 (\OML/cmm/m/it/9 !\OT1/cmr/m/n/9 )\OML/cmm/m/it/9 ; \OT1/cmr/m/n/9 ^^B[](\OML/cmm/m/it/9 !\OT1/cmr/m/n/9 )\OML/cmm/m/it/9 ; [] ; \OT1/cmr/m/n/9 ^^B[](\OML/cmm/m/it/9 !\OT1/cmr/m/n/9 )[] = 0 []\OML/cmm/m/it/9 ! \OMS/cmsy/m/n/9 2 \OT1/cmr/m/n/9 
\OML/cmm/m/it/9 ;
 []

[13.13]
Overfull \hbox (103.80502pt too wide) detected at line 144
\OT1/cmr/m/n/9 (\OML/cmm/m/it/9 B[] \OMS/cmsy/m/n/9 ^^@ \OML/cmm/m/it/9 R[]\OT1/cmr/m/n/9 ) \OMS/cmsy/m/n/9 ^^L \OML/cmm/m/it/9 Z \OT1/cmr/m/n/9 = 1 [] \OML/cmm/m/it/9 T \OT1/cmr/m/n/9 = \OML/cmm/m/it/9 B[] \OT1/cmr/m/n/9 + \OML/cmm/m/it/9 B[]\OT1/cmr/m/n/9 (\OML/cmm/m/it/9 M \OT1/cmr/m/n/9 + \OML/cmm/m/it/9 K\OT1/cmr/m/n/9 ) + \OML/cmm/m/it/9 B[]R[] \OT1/cmr/m/n/9 + \OML/cmm/m/it/9 Z \OT1/cmr/m/n/9 = \OML/cmm/m/it/9 h[]\OT1/cmr/m/n/9 (\OML/cmm/m/it/9 B\OT1/cmr/m/n/9 )\OML/cmm/m/it/9 ;
 []

) (./sections/06_parameters.tex [14.14]
Overfull \hbox (14.62755pt too wide) in paragraph at lines 48--50
 []\OT1/cmr/m/it/9 (-20) No wrap-around in bounds.[] \OT1/cmr/m/n/9 (-20) Mem-ber-ship checks for $[\OMS/cmsy/m/n/9 ^^@\OML/cmm/m/it/9 ^^L[]; ^^L[]\OT1/cmr/m/n/9 (-20) ]$
 []

) (./sections/07_implementation_results.tex [15.15]
Underfull \hbox (badness 10000) in paragraph at lines 20--20
[]\OT1/cmr/m/n/7 (+20) Shared $\OML/cmm/m/it/7 R[]$ \OT1/cmr/m/n/7 (+20) with
 []


Underfull \hbox (badness 10000) in paragraph at lines 20--20
\OT1/cmtt/m/n/7 bb[]tran\OT1/cmr/m/n/7 (+20) ; public-target
 []


Underfull \hbox (badness 10000) in paragraph at lines 24--24
[]\OT1/cmr/m/n/7 (+20) Credential fixes a
 []


Underfull \hbox (badness 10000) in paragraph at lines 24--24
\OT1/cmr/m/n/7 (+20) Poseidon2-like PRF
 []


Underfull \hbox (badness 4266) in paragraph at lines 24--24
\OT1/cmr/m/n/7 (+20) key/nonce/tag lengths
 []


Underfull \hbox (badness 7486) in paragraph at lines 24--24
\OT1/cmr/m/n/7 (+20) 8\OML/cmm/m/it/7 =\OT1/cmr/m/n/7 (+20) 12\OML/cmm/m/it/7 =\OT1/cmr/m/n/7 (+20) 7$; no short-ness
 []


Underfull \hbox (badness 10000) in paragraph at lines 25--26
\OT1/cmtt/m/n/7 output[]audit\OT1/cmr/m/n/7 (+20) , group
 []


Underfull \hbox (badness 6412) in paragraph at lines 25--26
\OT1/cmr/m/n/7 (+20) rounds $= 2$, check-
 []


Underfull \hbox (badness 5954) in paragraph at lines 25--26
\OT1/cmr/m/n/7 (+20) point sam-ples $= 8$;
 []


Underfull \hbox (badness 2027) in paragraph at lines 25--26
\OT1/cmr/m/n/7 (+20) proof (\OT1/cmtt/m/n/7 SigShortnessV6\OT1/cmr/m/n/7 (+20) ),
 []


Underfull \hbox (badness 10000) in paragraph at lines 25--26
\OT1/cmr/m/n/7 (+20) outer pro-file
 []


Underfull \hbox (badness 1442) in paragraph at lines 27--27
[]\OT1/cmr/m/n/7 (+20) SmallWood tu-
 []


Overfull \hbox (6.64899pt too wide) in paragraph at lines 28--28
[]$\OT1/cmr/m/n/7 (-20) (16\OML/cmm/m/it/7 ; \OT1/cmr/m/n/7 (-20) 18\OML/cmm/m/it/7 ; \OT1/cmr/m/n/7 (-20) 2\OML/cmm/m/it/7 ; \OT1/cmr/m/n/7 (-20) 2\OML/cmm/m/it/7 ; \OT1/cmr/m/n/7 (-20) 1\OML/cmm/m/it/7 ; \OT1/cmr/m/n/7 (-20) 19\OML/cmm/m/it/7 ; \OT1/cmr/m/n/7 (-20) 96\OML/cmm/m/it/7 ; \OT1/cmr/m/n/7 (-20) 4096)$,
 []


Overfull \hbox (6.64899pt too wide) in paragraph at lines 29--30
[]$\OT1/cmr/m/n/7 (-20) (16\OML/cmm/m/it/7 ; \OT1/cmr/m/n/7 (-20) 18\OML/cmm/m/it/7 ; \OT1/cmr/m/n/7 (-20) 3\OML/cmm/m/it/7 ; \OT1/cmr/m/n/7 (-20) 2\OML/cmm/m/it/7 ; \OT1/cmr/m/n/7 (-20) 3\OML/cmm/m/it/7 ; \OT1/cmr/m/n/7 (-20) 26\OML/cmm/m/it/7 ; \OT1/cmr/m/n/7 (-20) 32\OML/cmm/m/it/7 ; \OT1/cmr/m/n/7 (-20) 4096)$,
 []


Underfull \hbox (badness 10000) in paragraph at lines 29--30
\OML/cmm/m/it/7 ^^T \OT1/cmr/m/n/7 (+20) = \OMS/cmsy/m/n/7 f\OT1/cmr/m/n/7 (+20) 0\OML/cmm/m/it/7 ; \OT1/cmr/m/n/7 (+20) 11\OML/cmm/m/it/7 ; \OT1/cmr/m/n/7 (+20) 0\OML/cmm/m/it/7 ; \OT1/cmr/m/n/7 (+20) 11\OMS/cmsy/m/n/7 g$\OT1/cmr/m/n/7 (+20) ,
 []


Underfull \hbox (badness 10000) in paragraph at lines 35--35
[]\OT1/cmr/m/n/7 (+20) Paper tran-
 []


Underfull \hbox (badness 10000) in paragraph at lines 52--52
[]\OT1/cmr/m/n/7 (+20) Payload: RowOpen-
 []


Underfull \hbox (badness 2653) in paragraph at lines 52--52
\OT1/cmr/m/n/7 (+20) Auth $4[]998$, $\OML/cmm/m/it/7 R$ $\OT1/cmr/m/n/7 (+20) 4[]562$,
 []


Underfull \hbox (badness 10000) in paragraph at lines 53--54
[]\OT1/cmr/m/n/7 (+20) Paper: SigShort-ness
 []


Underfull \hbox (badness 1939) in paragraph at lines 53--54
\OT1/cmr/m/n/7 (+20) 4[]622$, Auth $2[]358$, $\OML/cmm/m/it/7 R$
 []

) (./main.bbl
Underfull \hbox (badness 2608) in paragraph at lines 11--15
[]\OT1/cmr/m/n/7 (+20) Heather Ad-kins and So-phie Schmieg.  Quan-tum
 []


Underfull \hbox (badness 1728) in paragraph at lines 11--15
\OT1/cmr/m/n/7 (+20) fron-tiers may be closer than they ap-pear, March
 []


Underfull \hbox (badness 1184) in paragraph at lines 23--26
[]\OT1/cmr/m/n/7 (+20) Ward Beul-lens, Vadim Lyuba-shevsky, Ngoc Khanh
 []


Underfull \hbox (badness 1448) in paragraph at lines 80--84
\OT1/cmr/m/n/7 (+20) manig.  Structure-preserving sig-na-tures on equiv-a-
 []


Underfull \hbox (badness 1062) in paragraph at lines 109--112
[]\OT1/cmr/m/n/7 (+20) Lorenzo Grassi, Dmitry Khovra-tovich, and Markus
 []


Underfull \vbox (badness 10000) has occurred while \output is active []

 [16.16]) (./appendix/A_definitions.tex
Overfull \hbox (4.92714pt too wide) in paragraph at lines 36--38
\OT1/cmr/m/n/9 (-20) ing map $[] : [\OMS/cmsy/m/n/9 ^^@\OT1/cmr/m/n/9 (-20) 2[]\OML/cmm/m/it/9 ; \OT1/cmr/m/n/9 (-20) 2[]] \OMS/cmsy/m/n/9 ! \OT1/cmr/m/n/9 (-20) [\OMS/cmsy/m/n/9 ^^@[]\OML/cmm/m/it/9 ; []\OT1/cmr/m/n/9 (-20) ]$
 []


Overfull \hbox (11.31503pt too wide) in paragraph at lines 57--58
[]\OT1/cmr/bx/n/9 (-20) Definition A.2 \OT1/cmr/m/n/9 (-20) (Van-ish-ing poly-no-mial for $[\OMS/cmsy/m/n/9 ^^@[]\OML/cmm/m/it/9 ; []\OT1/cmr/m/n/9 (-20) ]$)\OT1/cmr/bx/n/9 (-20) .
 []

) (./appendix/B_gaussian_sampler.tex [17.17]) (./appendix/C_smallwood_details.tex [18.18]
Overfull \hbox (33.04332pt too wide) in paragraph at lines 149--149
[]\OT1/cmr/bx/n/9 (-20) Algorithm 5 \OT1/cmss/m/n/9 (-20) LVCS.CommitInitWithParams\OT1/cmr/m/n/9 (-20) ($[]\OML/cmm/m/it/9 ; \OMS/cmsy/m/n/9 f\OML/cmm/m/it/9 r[]\OMS/cmsy/m/n/9 g[]\OML/cmm/m/it/9 ; `; []$\OT1/cmr/m/n/9 (-20) )
 []


Underfull \hbox (badness 10000) in paragraph at lines 154--155
[]\OT1/cmr/m/n/9 (+20) In-ter-po-late each row to $\OML/cmm/m/it/9 P[]\OT1/cmr/m/n/9 (+20) (\OML/cmm/m/it/9 X\OT1/cmr/m/n/9 (+20) ) \OMS/cmsy/m/n/9  
 []


Underfull \hbox (badness 10000) in paragraph at lines 165--166
[]\OT1/cmr/m/n/9 (+20) Store $[]$ and de-rive $^^@ \OMS/cmsy/m/n/9  
 []

[19.19]
Overfull \hbox (21.49347pt too wide) in paragraph at lines 182--182
[]\OT1/cmr/bx/n/9 (-20) Algorithm 8 \OT1/cmss/m/n/9 (-20) LVCS.EvalInitMany\OT1/cmr/m/n/9 (-20) ($[]\OML/cmm/m/it/9 ; []; \OMS/cmsy/m/n/9 f[][]g[]$\OT1/cmr/m/n/9 (-20) )
 []


Underfull \hbox (badness 2644) in paragraph at lines 215--215
[]\OT1/cmr/bx/n/9 (+20) Algorithm 11 \OT1/cmss/m/n/9 (+20) LVCS.EvalStep2\OT1/cmr/m/n/9 (+20) ($\OMS/cmsy/m/n/9 f[]g\OML/cmm/m/it/9 ; E; []; C; v[]$\OT1/cmr/m/n/9 (+20) )
 []

[20.20]
Overfull \hbox (24.69673pt too wide) detected at line 322
[] \OT1/cmr/m/n/9 = \OMS/cmsy/m/n/9 F[]\OT1/cmr/m/n/9 (\OML/cmm/m/it/9 M \OT1/cmr/m/n/9 + \OML/cmm/m/it/9 K\OT1/cmr/m/n/9 )\OML/cmm/m/it/9 ;  [] \OT1/cmr/m/n/9 = \OMS/cmsy/m/n/9 F[]\OT1/cmr/m/n/9 (\OML/cmm/m/it/9 R[]\OT1/cmr/m/n/9 )\OML/cmm/m/it/9 ;  [] \OT1/cmr/m/n/9 = \OMS/cmsy/m/n/9 F[]\OT1/cmr/m/n/9 (\OML/cmm/m/it/9 R[]\OT1/cmr/m/n/9 )
 []


Overfull \hbox (109.9216pt too wide) detected at line 383
\OMS/cmsy/m/n/9 F[]\OT1/cmr/m/n/9 (\OML/cmm/m/it/9 B[] \OMS/cmsy/m/n/9 ^^@ \OML/cmm/m/it/9 R[]\OT1/cmr/m/n/9 ) \OMS/cmsy/m/n/9 ^^L []F[]\OT1/cmr/m/n/9 (\OML/cmm/m/it/9 T\OT1/cmr/m/n/9 ) \OMS/cmsy/m/n/9 ^^@ F[]\OT1/cmr/m/n/9 (\OML/cmm/m/it/9 B[]\OT1/cmr/m/n/9 ) \OMS/cmsy/m/n/9 ^^@ F[]\OT1/cmr/m/n/9 (\OML/cmm/m/it/9 B[]\OT1/cmr/m/n/9 (\OML/cmm/m/it/9 M \OT1/cmr/m/n/9 + \OML/cmm/m/it/9 K\OT1/cmr/m/n/9 )) \OMS/cmsy/m/n/9 ^^@ F[]\OT1/cmr/m/n/9 (\OML/cmm/m/it/9 B[]R[]\OT1/cmr/m/n/9 )[] = \OMS/cmsy/m/n/9 F[]\OT1/cmr/m/n/9 (1)
 []


Underfull \hbox (badness 1655) in paragraph at lines 426--427
[]\OT1/cmr/m/n/9 (+20) Com-mit to $\OML/cmm/m/it/9 P\OMS/cmsy/m/n/9 k\OML/cmm/m/it/9 M$ \OT1/cmr/m/n/9 (+20) via PCS (im-ple-mented through
 []


Overfull \hbox (4.57652pt too wide) in paragraph at lines 432--432
[]\OT1/cmr/bx/n/9 (-20) Algorithm 13 \OT1/cmss/m/n/9 (-20) PACS.PIOPBatchCombine$[]\OT1/cmr/m/n/9 (-20) ([]\OML/cmm/m/it/9 ; \OT1/cmr/m/n/9 (-20) ^^@[]) \OMS/cmsy/m/n/9 !
 []

[21.21]
Underfull \hbox (badness 3240) in paragraph at lines 449--450
[]\OT1/cmr/m/n/9 (+20) Ver-ify PCS open-ings of $\OML/cmm/m/it/9 P$ \OT1/cmr/m/n/9 (+20) and $\OML/cmm/m/it/9 M$ \OT1/cmr/m/n/9 (+20) at $\OML/cmm/m/it/9 E[]$ \OT1/cmr/m/n/9 (+20) (via
 []

) (./appendix/D_extended_parameters.tex
Overfull \hbox (29.12842pt too wide) in paragraph at lines 39--53
 [][] 
 []

[22.22]) (./appendix/E_prf_and_misc.tex
Overfull \hbox (5.38063pt too wide) in paragraph at lines 52--57
\OT1/cmr/m/n/9 (-20) forward/truncation con-straints. The grouped sched-ule recorded
 []

)

Class acmart Warning: Some images may lack descriptions.


Package balance Warning: You have called \balance in second column
(balance)                Columns might not be balanced.

(/usr/share/texmf-dist/tex/generic/stringenc/se-pdfdoc.def
File: se-pdfdoc.def 2019/11/29 v1.12 stringenc: PDFDocEncoding
) (/usr/share/texmf-dist/tex/generic/stringenc/se-utf8.def
File: se-utf8.def 2019/11/29 v1.12 stringenc: UTF-8
) [23.23] (./main.aux)
 ***********
LaTeX2e <2025-11-01>
L3 programming layer <2026-01-19>
 ***********
Package rerunfilecheck Info: File `main.out' has not changed.
(rerunfilecheck)             Checksum: D3CFDA797CE97FDBBF424243E78C4A25;14018.
 ) 
Here is how much of TeX's memory you used:
 33655 strings out of 469515
 623344 string characters out of 5470808
 1116680 words of memory out of 5000000
 60761 multiletter control sequences out of 15000+600000
 653698 words of font info for 269 fonts, out of 8000000 for 9000
 181 hyphenation exceptions out of 8191
 90i,16n,131p,1360b,828s stack positions out of 10000i,1000n,20000p,200000b,200000s
</usr/share/texmf-dist/fonts/type1/public/amsfonts/cm/cmbx10.pfb></usr/share/texmf-dist/fonts/type1/public/amsfonts/cm/cmbx6.pfb></usr/share/texmf-dist/fonts/type1/public/amsfonts/cm/cmbx7.pfb></usr/share/texmf-dist/fonts/type1/public/amsfonts/cm/cmbx8.pfb></usr/share/texmf-dist/fonts/type1/public/amsfonts/cm/cmbx9.pfb></usr/share/texmf-dist/fonts/type1/public/amsfonts/cm/cmcsc10.pfb></usr/share/texmf-dist/fonts/type1/public/amsfonts/cmextra/cmex9.pfb></usr/share/texmf-dist/fonts/type1/public/amsfonts/cm/cmmi5.pfb></usr/share/texmf-dist/fonts/type1/public/amsfonts/cm/cmmi6.pfb></usr/share/texmf-dist/fonts/type1/public/amsfonts/cm/cmmi7.pfb></usr/share/texmf-dist/fonts/type1/public/amsfonts/cm/cmmi9.pfb></usr/share/texmf-dist/fonts/type1/public/amsfonts/cm/cmr5.pfb></usr/share/texmf-dist/fonts/type1/public/amsfonts/cm/cmr6.pfb></usr/share/texmf-dist/fonts/type1/public/amsfonts/cm/cmr7.pfb></usr/share/texmf-dist/fonts/type1/public/amsfonts/cm/cmr8.pfb></usr/share/texmf-dist/fonts/type1/public/amsfonts/cm/cmr9.pfb></usr/share/texmf-dist/fonts/type1/public/amsfonts/cm/cmss8.pfb></usr/share/texmf-dist/fonts/type1/public/amsfonts/cm/cmss9.pfb></usr/share/texmf-dist/fonts/type1/public/amsfonts/cm/cmssbx10.pfb></usr/share/texmf-dist/fonts/type1/public/amsfonts/cm/cmssi9.pfb></usr/share/texmf-dist/fonts/type1/public/amsfonts/cm/cmsy5.pfb></usr/share/texmf-dist/fonts/type1/public/amsfonts/cm/cmsy6.pfb></usr/share/texmf-dist/fonts/type1/public/amsfonts/cm/cmsy7.pfb></usr/share/texmf-dist/fonts/type1/public/amsfonts/cm/cmsy9.pfb></usr/share/texmf-dist/fonts/type1/public/amsfonts/cm/cmti7.pfb></usr/share/texmf-dist/fonts/type1/public/amsfonts/cm/cmti8.pfb></usr/share/texmf-dist/fonts/type1/public/amsfonts/cm/cmti9.pfb></usr/share/texmf-dist/fonts/type1/public/amsfonts/cm/cmtt8.pfb></usr/share/texmf-dist/fonts/type1/public/amsfonts/cm/cmtt9.pfb></usr/share/texmf-dist/fonts/type1/public/amsfonts/symbols/msam10.pfb></usr/share/texmf-dist/fonts/type1/public/amsfonts/symbols/msbm10.pfb></usr/share/texmf-dist/fonts/type1/public/cm-super/sfrm0700.pfb></usr/share/texmf-dist/fonts/type1/public/cm-super/sfrm0900.pfb>
Output written on main.pdf (23 pages, 634279 bytes).
PDF statistics:
 1068 PDF objects out of 1200 (max. 8388607)
 988 compressed objects within 10 object streams
 397 named destinations out of 1000 (max. 500000)
 61981 words of extra memory for PDF output out of 74296 (max. 10000000)

