This is pdfTeX, Version 3.141592653-2.6-1.40.29 (TeX Live 2026/Arch Linux) (preloaded format=pdflatex 2026.4.2)  9 APR 2026 14:24
entering extended mode
 restricted \write18 enabled.
 %&-line parsing enabled.
**.private/patched_model_rewrite_snippet.tex
(./.private/patched_model_rewrite_snippet.tex
LaTeX2e <2025-11-01>
L3 programming layer <2026-01-19>

! LaTeX Error: Environment lemma undefined.

See the LaTeX manual or LaTeX Companion for explanation.
Type  H <return>  for immediate help.
 ...                                              
                                                  
l.33 \begin{lemma}
                  [Statistical hiding of the Ajtai commitment]\label{lem:ajt...

Your command was ignored.
Type  I <command> <return>  to replace it with another command,
or  <return>  to continue without it.

 
Here is how much of TeX's memory you used:
 21 strings out of 469515
 638 string characters out of 5470808
 433756 words of memory out of 5000000
 28772 multiletter control sequences out of 15000+600000
 627721 words of font info for 40 fonts, out of 8000000 for 9000
 14 hyphenation exceptions out of 8191
 12i,0n,13p,150b,16s stack positions out of 10000i,1000n,20000p,200000b,200000s
!  ==> Fatal error occurred, no output PDF file produced!
