\BOOKMARK [1][-]{section*.1}{\376\377\000A\000b\000s\000t\000r\000a\000c\000t}{}% 1
\BOOKMARK [1][-]{section.1}{\376\377\0001\000\040\000I\000n\000t\000r\000o\000d\000u\000c\000t\000i\000o\000n}{}% 2
\BOOKMARK [2][-]{subsection.1.1}{\376\377\0001\000.\0001\000\040\000C\000o\000n\000t\000r\000i\000b\000u\000t\000i\000o\000n\000s}{section.1}% 3
\BOOKMARK [2][-]{subsection.1.2}{\376\377\0001\000.\0002\000\040\000T\000e\000c\000h\000n\000i\000c\000a\000l\000\040\000o\000v\000e\000r\000v\000i\000e\000w}{section.1}% 4
\BOOKMARK [1][-]{section.2}{\376\377\0002\000\040\000P\000r\000e\000l\000i\000m\000i\000n\000a\000r\000i\000e\000s}{}% 5
\BOOKMARK [2][-]{subsection.2.1}{\376\377\0002\000.\0001\000\040\000N\000o\000t\000a\000t\000i\000o\000n}{section.2}% 6
\BOOKMARK [2][-]{subsection.2.2}{\376\377\0002\000.\0002\000\040\000C\000e\000n\000t\000e\000r\000i\000n\000g\000\040\000m\000a\000p\000\040\000a\000n\000d\000\040\000s\000h\000a\000r\000e\000d\000\040\000r\000a\000n\000d\000o\000m\000n\000e\000s\000s}{section.2}% 7
\BOOKMARK [2][-]{subsection.2.3}{\376\377\0002\000.\0003\000\040\000C\000o\000m\000m\000i\000t\000m\000e\000n\000t\000\040\000s\000c\000h\000e\000m\000e\000s\000\040\000a\000n\000d\000\040\000A\000j\000t\000a\000i\000\040\000c\000o\000m\000m\000i\000t\000m\000e\000n\000t\000s}{section.2}% 8
\BOOKMARK [2][-]{subsection.2.4}{\376\377\0002\000.\0004\000\040\000L\000a\000t\000t\000i\000c\000e\000\040\000t\000r\000a\000p\000d\000o\000o\000r\000s\000\040\000a\000n\000d\000\040\000r\000a\000t\000i\000o\000n\000a\000l\000\040\000h\000a\000s\000h\000i\000n\000g}{section.2}% 9
\BOOKMARK [2][-]{subsection.2.5}{\376\377\0002\000.\0005\000\040\000S\000i\000g\000n\000a\000t\000u\000r\000e\000s\000\040\000a\000n\000d\000\040\000i\000m\000p\000o\000r\000t\000e\000d\000\040\000n\000o\000n\000-\000b\000l\000i\000n\000d\000\040\000s\000e\000c\000u\000r\000i\000t\000y}{section.2}% 10
\BOOKMARK [2][-]{subsection.2.6}{\376\377\0002\000.\0006\000\040\000N\000o\000n\000-\000i\000n\000t\000e\000r\000a\000c\000t\000i\000v\000e\000\040\000z\000e\000r\000o\000-\000k\000n\000o\000w\000l\000e\000d\000g\000e\000\040\000a\000r\000g\000u\000m\000e\000n\000t\000s\000\040\000o\000f\000\040\000k\000n\000o\000w\000l\000e\000d\000g\000e}{section.2}% 11
\BOOKMARK [2][-]{subsection.2.7}{\376\377\0002\000.\0007\000\040\000B\000l\000i\000n\000d\000\040\000s\000i\000g\000n\000a\000t\000u\000r\000e\000s}{section.2}% 12
\BOOKMARK [2][-]{subsection.2.8}{\376\377\0002\000.\0008\000\040\000A\000n\000o\000n\000y\000m\000o\000u\000s\000\040\000R\000a\000t\000e\000-\000L\000i\000m\000i\000t\000i\000n\000g\000\040\000C\000r\000e\000d\000e\000n\000t\000i\000a\000l\000s}{section.2}% 13
\BOOKMARK [2][-]{subsection.2.9}{\376\377\0002\000.\0009\000\040\000P\000s\000e\000u\000d\000o\000r\000a\000n\000d\000o\000m\000\040\000f\000u\000n\000c\000t\000i\000o\000n\000s}{section.2}% 14
\BOOKMARK [1][-]{section.3}{\376\377\0003\000\040\000B\000l\000i\000n\000d\000-\000I\000s\000s\000u\000a\000n\000c\000e\000\040\000C\000o\000n\000s\000t\000r\000u\000c\000t\000i\000o\000n}{}% 15
\BOOKMARK [2][-]{subsection.3.1}{\376\377\0003\000.\0001\000\040\000R\000a\000n\000d\000o\000m\000i\000z\000i\000n\000g\000\040\000t\000h\000e\000\040\000B\000B\000-\000t\000r\000a\000n\000\040\000w\000i\000t\000n\000e\000s\000s}{section.3}% 16
\BOOKMARK [2][-]{subsection.3.2}{\376\377\0003\000.\0002\000\040\000P\000r\000o\000t\000o\000c\000o\000l\000\040\000r\000e\000l\000a\000t\000i\000o\000n\000s}{section.3}% 17
\BOOKMARK [2][-]{subsection.3.3}{\376\377\0003\000.\0003\000\040\000B\000l\000i\000n\000d\000-\000i\000s\000s\000u\000a\000n\000c\000e\000\040\000p\000r\000o\000t\000o\000c\000o\000l\000\040\000a\000n\000d\000\040\000r\000a\000w\000\040\000v\000e\000r\000i\000f\000i\000c\000a\000t\000i\000o\000n}{section.3}% 18
\BOOKMARK [2][-]{subsection.3.4}{\376\377\0003\000.\0004\000\040\000C\000o\000r\000r\000e\000c\000t\000n\000e\000s\000s\000\040\000a\000n\000d\000\040\000i\000s\000s\000u\000e\000r\000-\000v\000i\000e\000w\000\040\000h\000i\000d\000i\000n\000g}{section.3}% 19
\BOOKMARK [1][-]{section.4}{\376\377\0004\000\040\000F\000r\000o\000m\000\040\000B\000l\000i\000n\000d\000\040\000I\000s\000s\000u\000a\000n\000c\000e\000\040\000t\000o\000\040\000A\000n\000o\000n\000y\000m\000o\000u\000s\000\040\000R\000a\000t\000e\000-\000L\000i\000m\000i\000t\000i\000n\000g\000\040\000C\000r\000e\000d\000e\000n\000t\000i\000a\000l\000s}{}% 20
\BOOKMARK [2][-]{subsection.4.1}{\376\377\0004\000.\0001\000\040\000W\000h\000y\000\040\000t\000h\000e\000\040\000s\000i\000g\000n\000e\000d\000\040\000k\000e\000y\000\040\000g\000i\000v\000e\000s\000\040\000r\000a\000t\000e\000\040\000l\000i\000m\000i\000t\000i\000n\000g}{section.4}% 21
\BOOKMARK [2][-]{subsection.4.2}{\376\377\0004\000.\0002\000\040\000A\000R\000C\000\040\000r\000e\000l\000a\000t\000i\000o\000n\000s}{section.4}% 22
\BOOKMARK [2][-]{subsection.4.3}{\376\377\0004\000.\0003\000\040\000A\000R\000C\000\040\000p\000r\000o\000t\000o\000c\000o\000l}{section.4}% 23
\BOOKMARK [2][-]{subsection.4.4}{\376\377\0004\000.\0004\000\040\000S\000e\000c\000u\000r\000i\000t\000y\000\040\000d\000e\000c\000o\000m\000p\000o\000s\000i\000t\000i\000o\000n}{section.4}% 24
\BOOKMARK [1][-]{section.5}{\376\377\0005\000\040\000S\000m\000a\000l\000l\000W\000o\000o\000d\000\040\000P\000r\000o\000g\000r\000a\000m\000m\000i\000n\000g\000\040\000M\000o\000d\000e\000l}{}% 25
\BOOKMARK [2][-]{subsection.5.1}{\376\377\0005\000.\0001\000\040\000P\000r\000o\000o\000f\000\040\000i\000n\000t\000e\000r\000f\000a\000c\000e}{section.5}% 26
\BOOKMARK [2][-]{subsection.5.2}{\376\377\0005\000.\0002\000\040\000I\000s\000s\000u\000a\000n\000c\000e\000\040\000a\000s\000\040\000a\000\040\000S\000m\000a\000l\000l\000W\000o\000o\000d\000\040\000s\000t\000a\000t\000e\000m\000e\000n\000t}{section.5}% 27
\BOOKMARK [2][-]{subsection.5.3}{\376\377\0005\000.\0003\000\040\000S\000h\000o\000w\000i\000n\000g\000\040\000a\000s\000\040\000a\000\040\000S\000m\000a\000l\000l\000W\000o\000o\000d\000\040\000s\000t\000a\000t\000e\000m\000e\000n\000t}{section.5}% 28
\BOOKMARK [2][-]{subsection.5.4}{\376\377\0005\000.\0004\000\040\000R\000e\000p\000l\000a\000y\000\040\000/\000\040\000t\000r\000a\000n\000s\000f\000o\000r\000m\000\040\000i\000m\000p\000l\000e\000m\000e\000n\000t\000a\000t\000i\000o\000n}{section.5}% 29
\BOOKMARK [2][-]{subsection.5.5}{\376\377\0005\000.\0005\000\040\000P\000R\000F\000\040\000c\000o\000m\000p\000a\000n\000i\000o\000n\000\040\000r\000e\000l\000a\000t\000i\000o\000n}{section.5}% 30
\BOOKMARK [2][-]{subsection.5.6}{\376\377\0005\000.\0006\000\040\000S\000t\000a\000t\000e\000m\000e\000n\000t\000\040\000s\000t\000r\000e\000n\000g\000t\000h}{section.5}% 31
\BOOKMARK [1][-]{section.6}{\376\377\0006\000\040\000P\000a\000r\000a\000m\000e\000t\000e\000r\000s\000\040\000a\000n\000d\000\040\000I\000n\000t\000e\000g\000r\000a\000t\000i\000o\000n}{}% 32
\BOOKMARK [2][-]{subsection.6.1}{\376\377\0006\000.\0001\000\040\000P\000a\000r\000a\000m\000e\000t\000e\000r\000\040\000d\000e\000p\000e\000n\000d\000e\000n\000c\000i\000e\000s}{section.6}% 33
\BOOKMARK [2][-]{subsection.6.2}{\376\377\0006\000.\0002\000\040\000C\000o\000m\000m\000i\000t\000m\000e\000n\000t\000\040\000a\000n\000d\000\040\000s\000h\000a\000r\000e\000d\000-\000r\000a\000n\000d\000o\000m\000n\000e\000s\000s\000\040\000p\000a\000r\000a\000m\000e\000t\000e\000r\000s}{section.6}% 34
\BOOKMARK [2][-]{subsection.6.3}{\376\377\0006\000.\0003\000\040\000S\000a\000m\000p\000l\000e\000r\000\040\000p\000a\000r\000a\000m\000e\000t\000e\000r\000s}{section.6}% 35
\BOOKMARK [2][-]{subsection.6.4}{\376\377\0006\000.\0004\000\040\000B\000B\000-\000t\000r\000a\000n\000\040\000r\000a\000t\000i\000o\000n\000a\000l\000-\000h\000a\000s\000h\000\040\000p\000a\000r\000a\000m\000e\000t\000e\000r\000s}{section.6}% 36
\BOOKMARK [2][-]{subsection.6.5}{\376\377\0006\000.\0005\000\040\000S\000m\000a\000l\000l\000W\000o\000o\000d\000\040\000p\000a\000r\000a\000m\000e\000t\000e\000r\000s}{section.6}% 37
\BOOKMARK [2][-]{subsection.6.6}{\376\377\0006\000.\0006\000\040\000P\000R\000F\000\040\000p\000a\000r\000a\000m\000e\000t\000e\000r\000s}{section.6}% 38
\BOOKMARK [2][-]{subsection.6.7}{\376\377\0006\000.\0007\000\040\000S\000i\000z\000i\000n\000g\000\040\000d\000i\000s\000c\000u\000s\000s\000i\000o\000n}{section.6}% 39
\BOOKMARK [1][-]{appendix.A}{\376\377\000A\000\040\000A\000d\000d\000i\000t\000i\000o\000n\000a\000l\000\040\000P\000r\000e\000l\000i\000m\000i\000n\000a\000r\000i\000e\000s}{}% 40
\BOOKMARK [2][-]{subsection.A.1}{\376\377\000A\000.\0001\000\040\000S\000e\000c\000u\000r\000i\000t\000y\000\040\000a\000s\000s\000u\000m\000p\000t\000i\000o\000n\000s\000\040\000f\000o\000r\000\040\000L\000a\000t\000t\000i\000c\000e\000s}{appendix.A}% 41
\BOOKMARK [2][-]{subsection.A.2}{\376\377\000A\000.\0002\000\040\000C\000e\000n\000t\000e\000r\000i\000n\000g\000\040\000m\000a\000p\000\040\000a\000n\000d\000\040\000c\000a\000r\000r\000i\000e\000s}{appendix.A}% 42
\BOOKMARK [2][-]{subsection.A.3}{\376\377\000A\000.\0003\000\040\000V\000a\000n\000i\000s\000h\000i\000n\000g\000\040\000p\000o\000l\000y\000n\000o\000m\000i\000a\000l\000s\000\040\000f\000o\000r\000\040\000m\000e\000m\000b\000e\000r\000s\000h\000i\000p\000\040\000c\000o\000n\000s\000t\000r\000a\000i\000n\000t\000s}{appendix.A}% 43
\BOOKMARK [1][-]{appendix.B}{\376\377\000B\000\040\000G\000a\000u\000s\000s\000i\000a\000n\000\040\000P\000r\000e\000i\000m\000a\000g\000e\000\040\000S\000a\000m\000p\000l\000i\000n\000g}{}% 44
\BOOKMARK [2][-]{subsection.B.1}{\376\377\000B\000.\0001\000\040\000T\000h\000e\000\040\000p\000r\000e\000i\000m\000a\000g\000e\000\040\000s\000a\000m\000p\000l\000i\000n\000g\000\040\000p\000r\000o\000b\000l\000e\000m}{appendix.B}% 45
\BOOKMARK [2][-]{subsection.B.2}{\376\377\000B\000.\0002\000\040\000N\000T\000R\000U\000\040\000t\000r\000a\000p\000d\000o\000o\000r\000\040\000f\000o\000r\000m\000\040\000a\000n\000d\000\040\000q\000u\000a\000l\000i\000t\000y}{appendix.B}% 46
\BOOKMARK [2][-]{subsection.B.3}{\376\377\000B\000.\0003\000\040\000S\000a\000m\000p\000l\000e\000r\000\040\000d\000e\000f\000i\000n\000i\000t\000i\000o\000n\000\040\000a\000n\000d\000\040\000t\000u\000n\000i\000n\000g}{appendix.B}% 47
\BOOKMARK [2][-]{subsection.B.4}{\376\377\000B\000.\0004\000\040\000A\000n\000n\000u\000l\000u\000s\000\040\000s\000a\000m\000p\000l\000i\000n\000g\000\040\000\050\000A\000n\000t\000r\000a\000g\000\040\000k\000e\000y\000\040\000g\000e\000n\000e\000r\000a\000t\000i\000o\000n\000\051}{appendix.B}% 48
\BOOKMARK [2][-]{subsection.B.5}{\376\377\000B\000.\0005\000\040\000H\000y\000b\000r\000i\000d\000\040\000t\000w\000o\000-\000p\000l\000a\000n\000e\000\040\000s\000a\000m\000p\000l\000e\000r\000\040\000\050\000d\000e\000t\000a\000i\000l\000s\000\051}{appendix.B}% 49
\BOOKMARK [1][-]{appendix.C}{\376\377\000C\000\040\000S\000m\000a\000l\000l\000W\000o\000o\000d\000\040\000P\000r\000o\000o\000f\000-\000S\000t\000a\000c\000k\000\040\000D\000e\000t\000a\000i\000l\000s}{}% 50
\BOOKMARK [2][-]{subsection.C.1}{\376\377\000C\000.\0001\000\040\000R\000o\000w\000\040\000i\000n\000v\000e\000n\000t\000o\000r\000i\000e\000s}{appendix.C}% 51
\BOOKMARK [2][-]{subsection.C.2}{\376\377\000C\000.\0002\000\040\000C\000o\000m\000m\000i\000t\000m\000e\000n\000t\000\040\000a\000n\000d\000\040\000c\000e\000n\000t\000e\000r\000i\000n\000g\000\040\000c\000o\000n\000s\000t\000r\000a\000i\000n\000t\000s}{appendix.C}% 52
\BOOKMARK [2][-]{subsection.C.3}{\376\377\000C\000.\0003\000\040\000B\000B\000-\000t\000r\000a\000n\000\040\000c\000o\000n\000s\000t\000r\000a\000i\000n\000t\000s}{appendix.C}% 53
\BOOKMARK [2][-]{subsection.C.4}{\376\377\000C\000.\0004\000\040\000P\000R\000F\000\040\000c\000o\000m\000p\000a\000n\000i\000o\000n\000\040\000c\000o\000n\000s\000t\000r\000a\000i\000n\000t\000s}{appendix.C}% 54
\BOOKMARK [2][-]{subsection.C.5}{\376\377\000C\000.\0005\000\040\000S\000i\000n\000g\000l\000e\000\040\000c\000o\000m\000m\000i\000t\000t\000e\000d\000\040\000w\000i\000t\000n\000e\000s\000s}{appendix.C}% 55
\BOOKMARK [1][-]{appendix.D}{\376\377\000D\000\040\000E\000x\000t\000e\000n\000d\000e\000d\000\040\000P\000a\000r\000a\000m\000e\000t\000e\000r\000s\000\040\000a\000n\000d\000\040\000B\000e\000n\000c\000h\000m\000a\000r\000k\000s}{}% 56
\BOOKMARK [2][-]{subsection.D.1}{\376\377\000D\000.\0001\000\040\000A\000d\000m\000i\000s\000s\000i\000b\000i\000l\000i\000t\000y\000\040\000c\000h\000e\000c\000k\000l\000i\000s\000t}{appendix.D}% 57
\BOOKMARK [2][-]{subsection.D.2}{\376\377\000D\000.\0002\000\040\000S\000m\000o\000o\000t\000h\000i\000n\000g\000\040\000a\000n\000d\000\040\000s\000a\000m\000p\000l\000e\000r\000\040\000b\000u\000d\000g\000e\000t\000s}{appendix.D}% 58
\BOOKMARK [2][-]{subsection.D.3}{\376\377\000D\000.\0003\000\040\000E\000x\000a\000m\000p\000l\000e\000\040\000l\000a\000t\000t\000i\000c\000e\000\040\000p\000a\000r\000a\000m\000e\000t\000e\000r\000s}{appendix.D}% 59
\BOOKMARK [2][-]{subsection.D.4}{\376\377\000D\000.\0004\000\040\000L\000H\000L\000\040\000d\000e\000s\000i\000g\000n\000\040\000p\000o\000i\000n\000t\000s\000\040\000f\000o\000r\000\040\000t\000h\000e\000\040\000l\000o\000n\000g\000\040\000r\0000\000-\000r\000a\000n\000d\000o\000m\000i\000z\000e\000r}{appendix.D}% 60
\BOOKMARK [2][-]{subsection.D.5}{\376\377\000D\000.\0005\000\040\000S\000m\000a\000l\000l\000W\000o\000o\000d\000\040\000s\000o\000u\000n\000d\000n\000e\000s\000s\000\040\000t\000e\000r\000m\000s}{appendix.D}% 61
\BOOKMARK [2][-]{subsection.D.6}{\376\377\000D\000.\0006\000\040\000S\000m\000a\000l\000l\000W\000o\000o\000d\000\040\000k\000n\000o\000b\000s\000\040\000\050\000e\000x\000a\000m\000p\000l\000e\000\051}{appendix.D}% 62
\BOOKMARK [2][-]{subsection.D.7}{\376\377\000D\000.\0007\000\040\000E\000x\000t\000e\000n\000d\000e\000d\000\040\000b\000e\000n\000c\000h\000m\000a\000r\000k\000\040\000g\000r\000i\000d\000\040\000\050\000S\000m\000a\000l\000l\000W\000o\000o\000d\000\051}{appendix.D}% 63
\BOOKMARK [1][-]{appendix.E}{\376\377\000E\000\040\000P\000R\000F\000\040\000D\000e\000t\000a\000i\000l\000s\000\040\000a\000n\000d\000\040\000M\000i\000s\000c\000e\000l\000l\000a\000n\000e\000o\000u\000s}{}% 64
\BOOKMARK [2][-]{subsection.E.1}{\376\377\000E\000.\0001\000\040\000P\000R\000F\000\040\000s\000p\000e\000c\000i\000f\000i\000c\000a\000t\000i\000o\000n}{appendix.E}% 65
\BOOKMARK [2][-]{subsection.E.2}{\376\377\000E\000.\0002\000\040\000P\000e\000r\000m\000u\000t\000a\000t\000i\000o\000n\000\040\000s\000t\000r\000u\000c\000t\000u\000r\000e}{appendix.E}% 66
\BOOKMARK [2][-]{subsection.E.3}{\376\377\000E\000.\0003\000\040\000P\000a\000r\000a\000m\000e\000t\000e\000r\000\040\000g\000e\000n\000e\000r\000a\000t\000i\000o\000n}{appendix.E}% 67
\BOOKMARK [2][-]{subsection.E.4}{\376\377\000E\000.\0004\000\040\000A\000r\000i\000t\000h\000m\000e\000t\000i\000z\000a\000t\000i\000o\000n\000\040\000s\000t\000r\000a\000t\000e\000g\000y\000\040\000\050\000S\000y\000s\000t\000e\000m\000\040\000A\000\040\000w\000i\000t\000h\000\040\000c\000h\000e\000c\000k\000p\000o\000i\000n\000t\000s\000\051}{appendix.E}% 68
